_D___refs _D1__misses _LLd_misses _D1__miss_rate _LLd_miss_rate _LL_refs _LL_misses _LL_miss_rate  Row Col
36,649,679 17,791 9,908 0.0% 0.0% 21,101 12,777 0.0%  1 1
29,176,752 17,797 9,908 0.1% 0.0% 21,111 12,786 0.0%  1 2
37,278,793 17,800 9,911 0.0% 0.0% 21,132 12,801 0.0%  1 3
36,848,677 17,803 9,914 0.0% 0.0% 21,131 12,803 0.0%  1 4
33,071,370 17,820 9,920 0.1% 0.0% 21,150 12,811 0.0%  1 5
33,774,953 17,848 9,932 0.1% 0.0% 21,181 12,824 0.0%  1 6
36,014,339 17,874 9,957 0.0% 0.0% 21,211 12,851 0.0%  1 7
30,083,076 17,978 10,005 0.1% 0.0% 21,325 12,900 0.0%  1 8
33,452,994 18,160 10,101 0.1% 0.0% 21,494 12,991 0.0%  1 9
32,283,223 20,974 10,294 0.1% 0.0% 24,342 13,186 0.0%  1 10
34,554,420 94,751 10,678 0.3% 0.0% 98,175 13,573 0.0%  1 11
37,928,884 232,621 11,446 0.6% 0.0% 236,028 14,341 0.0%  1 12
33,893,893 438,950 12,982 1.3% 0.0% 442,363 15,876 0.0%  1 13
40,731,837 851,836 15,980 2.1% 0.0% 855,218 18,878 0.0%  1 14
41,553,509 1,677,210 22,198 4.0% 0.1% 1,680,590 25,096 0.0%  1 15
50,417,036 3,327,917 34,486 6.6% 0.1% 3,331,294 37,382 0.0%  1 16
68,827,338 6,629,281 59,062 9.6% 0.1% 6,632,657 61,957 0.0%  1 17
42,675,118 17,798 9,908 0.0% 0.0% 21,117 12,788 0.0%  2 1
44,087,633 17,800 9,910 0.0% 0.0% 21,128 12,799 0.0%  2 2
41,315,148 17,797 9,913 0.0% 0.0% 21,125 12,800 0.0%  2 3
35,338,887 17,820 9,918 0.1% 0.0% 21,147 12,806 0.0%  2 4
38,533,345 17,836 9,928 0.0% 0.0% 21,171 12,819 0.0%  2 5
36,857,762 17,870 9,948 0.0% 0.0% 21,204 12,839 0.0%  2 6
35,867,256 17,936 9,989 0.1% 0.0% 21,260 12,875 0.0%  2 7
38,937,474 18,103 10,069 0.0% 0.0% 21,438 12,958 0.0%  2 8
36,762,118 18,511 10,229 0.1% 0.0% 21,849 13,118 0.0%  2 9
40,542,256 59,900 10,550 0.1% 0.0% 63,263 13,439 0.0%  2 10
42,924,299 157,943 11,190 0.4% 0.0% 161,347 14,082 0.0%  2 11
40,327,899 440,966 12,397 1.1% 0.0% 444,352 15,297 0.0%  2 12
40,015,750 853,109 15,031 2.1% 0.0% 856,520 17,931 0.0%  2 13
47,788,660 1,677,514 20,077 3.5% 0.0% 1,680,897 22,975 0.0%  2 14
48,419,546 3,326,162 30,391 6.9% 0.1% 3,329,537 33,285 0.0%  2 15
60,456,948 6,623,442 50,871 11.0% 0.1% 6,626,820 53,766 0.0%  2 16
87,124,138 13,217,981 91,831 15.2% 0.1% 13,221,363 94,727 0.0%  2 17
36,503,579 17,806 9,911 0.0% 0.0% 21,136 12,801 0.0%  3 1
35,782,694 17,797 9,913 0.0% 0.0% 21,119 12,798 0.0%  3 2
34,239,707 17,818 9,917 0.1% 0.0% 21,147 12,807 0.0%  3 3
38,850,849 17,835 9,926 0.0% 0.0% 21,173 12,819 0.0%  3 4
38,611,043 17,868 9,944 0.0% 0.0% 21,202 12,837 0.0%  3 5
46,664,078 17,929 9,980 0.0% 0.0% 21,273 12,874 0.0%  3 6
40,183,329 18,064 10,053 0.0% 0.0% 21,391 12,941 0.0%  3 7
30,894,538 18,444 10,197 0.1% 0.0% 21,782 13,087 0.0%  3 8
37,192,014 57,108 10,485 0.2% 0.0% 60,448 13,376 0.0%  3 9
37,146,028 123,808 11,062 0.3% 0.0% 127,211 13,956 0.0%  3 10
34,139,523 270,849 12,140 0.8% 0.0% 274,232 15,039 0.0%  3 11
39,419,034 853,867 14,518 2.2% 0.0% 857,248 17,417 0.0%  3 12
33,884,507 1,677,721 19,126 5.0% 0.1% 1,681,127 22,025 0.0%  3 13
50,164,899 3,325,658 28,270 6.6% 0.1% 3,329,031 31,162 0.0%  3 14
60,586,076 6,620,842 46,776 10.9% 0.1% 6,624,213 49,668 0.0%  3 15
83,332,493 13,211,343 83,640 15.9% 0.1% 13,214,721 86,534 0.0%  3 16
142,318,258 26,392,266 157,368 18.5% 0.1% 26,395,640 160,256 0.0%  3 17
33,240,413 17,800 9,914 0.1% 0.0% 21,135 12,805 0.0%  4 1
31,333,965 17,820 9,918 0.1% 0.0% 21,147 12,806 0.0%  4 2
29,635,678 17,831 9,926 0.1% 0.0% 21,167 12,818 0.0%  4 3
34,581,105 17,869 9,944 0.1% 0.0% 21,205 12,837 0.0%  4 4
33,222,710 17,919 9,978 0.1% 0.0% 21,249 12,868 0.0%  4 5
28,785,576 18,054 10,046 0.1% 0.0% 21,384 12,934 0.0%  4 6
33,853,901 18,372 10,182 0.1% 0.0% 21,696 13,068 0.0%  4 7
35,216,450 52,715 10,454 0.1% 0.0% 56,055 13,345 0.0%  4 8
38,373,523 120,215 10,998 0.3% 0.0% 123,592 13,891 0.0%  4 9
41,893,989 234,621 12,013 0.6% 0.0% 238,000 14,912 0.0%  4 10
41,322,746 493,933 14,263 1.2% 0.0% 497,310 17,162 0.0%  4 11
42,053,477 1,680,375 18,615 4.0% 0.0% 1,683,752 21,514 0.0%  4 12
49,489,984 3,327,517 27,319 6.7% 0.1% 3,330,920 30,216 0.0%  4 13
61,975,300 6,622,085 44,655 10.7% 0.1% 6,625,461 47,549 0.0%  4 14
87,351,759 13,210,510 79,545 15.1% 0.1% 13,213,889 82,440 0.0%  4 15
140,378,350 26,387,323 149,177 18.8% 0.1% 26,390,697 152,065 0.0%  4 16
243,337,430 52,741,015 288,441 21.7% 0.1% 52,744,395 291,332 0.0%  4 17
32,057,452 17,822 9,920 0.1% 0.0% 21,156 12,813 0.0%  5 1
35,905,770 17,842 9,928 0.0% 0.0% 21,179 12,819 0.0%  5 2
32,011,596 17,866 9,944 0.1% 0.0% 21,202 12,837 0.0%  5 3
28,926,398 17,922 9,978 0.1% 0.0% 21,248 12,866 0.0%  5 4
32,928,671 18,042 10,044 0.1% 0.0% 21,369 12,932 0.0%  5 5
31,614,007 18,340 10,176 0.1% 0.0% 21,666 13,062 0.0%  5 6
31,695,865 50,073 10,440 0.2% 0.0% 53,396 13,325 0.0%  5 7
34,606,952 118,440 10,968 0.3% 0.0% 121,817 13,861 0.0%  5 8
36,425,492 234,762 11,950 0.6% 0.0% 238,108 14,846 0.0%  5 9
42,536,503 441,763 14,137 1.0% 0.0% 445,140 17,036 0.0%  5 10
46,274,348 929,188 18,361 2.0% 0.0% 932,566 21,260 0.0%  5 11
49,372,473 3,333,422 26,809 6.8% 0.1% 3,336,794 29,704 0.0%  5 12
62,359,197 6,627,109 43,705 10.6% 0.1% 6,630,514 46,602 0.0%  5 13
82,081,356 13,214,827 77,425 16.1% 0.1% 13,218,208 80,320 0.0%  5 14
137,795,053 26,389,637 145,083 19.2% 0.1% 26,393,010 147,972 0.0%  5 15
239,333,204 52,739,213 280,251 22.0% 0.1% 52,742,591 283,142 0.0%  5 16
451,111,671 105,438,414 550,620 23.4% 0.1% 105,441,812 553,527 0.0%  5 17
33,043,348 17,850 9,932 0.1% 0.0% 21,185 12,824 0.0%  6 1
37,392,196 17,863 9,948 0.0% 0.0% 21,197 12,839 0.0%  6 2
36,334,357 17,924 9,980 0.0% 0.0% 21,260 12,874 0.0%  6 3
35,518,935 18,053 10,046 0.1% 0.0% 21,382 12,934 0.0%  6 4
34,936,790 18,336 10,176 0.1% 0.0% 21,662 13,062 0.0%  6 5
39,902,183 51,158 10,436 0.1% 0.0% 54,484 13,322 0.0%  6 6
36,612,653 120,081 10,956 0.3% 0.0% 123,442 13,845 0.0%  6 7
38,007,594 235,090 11,922 0.6% 0.0% 238,442 14,820 0.0%  6 8
42,831,612 442,000 14,076 1.0% 0.0% 445,353 16,974 0.0%  6 9
47,259,778 855,813 18,237 1.8% 0.0% 859,192 21,136 0.0%  6 10
55,444,452 1,829,559 26,557 3.3% 0.0% 1,832,935 29,454 0.0%  6 11
63,708,127 6,639,375 43,197 10.4% 0.1% 6,642,752 46,094 0.0%  6 12
87,906,546 13,226,046 76,477 15.0% 0.1% 13,229,448 79,374 0.0%  6 13
141,113,394 26,400,375 142,965 18.7% 0.1% 26,403,748 145,854 0.0%  6 14
243,927,322 52,747,916 276,159 21.6% 0.1% 52,751,301 279,051 0.0%  6 15
453,839,447 105,443,055 542,431 23.2% 0.1% 105,446,446 545,334 0.0%  6 16
873,209,470 210,833,108 96,473,189 24.1% 11.0% 210,836,504 96,476,369 2.0%  6 17
44,244,911 17,874 9,957 0.0% 0.0% 21,205 12,849 0.0%  7 1
43,274,719 17,942 9,989 0.0% 0.0% 21,275 12,879 0.0%  7 2
41,399,168 18,060 10,053 0.0% 0.0% 21,389 12,941 0.0%  7 3
39,545,974 18,372 10,182 0.0% 0.0% 21,696 13,068 0.0%  7 4
42,992,356 51,058 10,440 0.1% 0.0% 54,384 13,326 0.0%  7 5
41,465,553 123,668 10,956 0.3% 0.0% 127,035 13,845 0.0%  7 6
42,929,034 235,907 11,914 0.5% 0.0% 239,248 14,811 0.0%  7 7
44,735,194 442,778 14,052 1.0% 0.0% 446,129 16,950 0.0%  7 8
45,608,828 856,525 18,180 1.9% 0.0% 859,875 21,078 0.0%  7 9
54,886,645 1,684,034 26,437 3.1% 0.0% 1,687,405 29,332 0.0%  7 10
65,514,825 3,612,997 42,949 5.5% 0.1% 3,616,372 45,846 0.0%  7 11
91,258,718 13,251,296 75,973 14.5% 0.1% 13,254,673 78,870 0.0%  7 12
148,074,150 26,424,395 142,021 17.8% 0.1% 26,427,801 144,916 0.0%  7 13
248,382,487 52,771,394 274,045 21.2% 0.1% 52,774,778 276,937 0.0%  7 14
454,761,718 105,464,505 538,334 23.2% 0.1% 105,467,895 541,236 0.0%  7 15
875,195,148 210,850,528 94,724,645 24.1% 10.8% 210,853,921 94,727,826 1.9%  7 16
1,713,741,053 421,622,636 211,866,515 24.6% 12.4% 421,626,026 211,869,695 2.2%  7 17
38,362,645 17,983 10,005 0.0% 0.0% 21,326 12,896 0.0%  8 1
40,495,654 18,106 10,069 0.0% 0.0% 21,440 12,954 0.0%  8 2
41,837,128 18,411 10,197 0.0% 0.0% 21,747 13,084 0.0%  8 3
45,624,033 54,801 10,454 0.1% 0.0% 58,135 13,341 0.0%  8 4
38,512,126 119,987 10,968 0.3% 0.0% 123,359 13,857 0.0%  8 5
39,720,879 237,496 11,922 0.6% 0.0% 240,848 14,820 0.0%  8 6
40,324,331 444,345 14,052 1.1% 0.0% 447,697 16,950 0.0%  8 7
42,225,236 858,049 18,164 2.0% 0.0% 861,402 21,065 0.0%  8 8
50,397,131 1,685,547 26,388 3.3% 0.1% 1,688,897 29,286 0.0%  8 9
65,329,700 3,340,467 42,837 5.1% 0.1% 3,343,850 45,737 0.0%  8 10
88,711,492 7,175,424 75,733 8.1% 0.1% 7,178,802 78,633 0.0%  8 11
141,685,977 26,474,300 141,525 18.7% 0.1% 26,477,677 144,420 0.0%  8 12
248,449,338 52,819,528 273,109 21.3% 0.1% 52,822,935 276,007 0.0%  8 13
456,827,068 105,513,619 536,208 23.1% 0.1% 105,517,015 539,112 0.0%  8 14
876,563,487 210,896,807 93,272,399 24.1% 10.6% 210,900,202 93,275,583 1.9%  8 15
1,721,497,387 421,664,642 211,851,639 24.5% 12.3% 421,668,033 211,854,821 2.2%  8 16
3,407,330,314 843,201,552 423,680,656 24.7% 12.4% 843,204,947 423,683,839 2.3%  8 17
41,917,314 18,160 10,101 0.0% 0.0% 21,490 12,987 0.0%  9 1
36,892,960 18,494 10,229 0.1% 0.0% 21,828 13,114 0.0%  9 2
41,449,217 60,816 10,485 0.1% 0.0% 64,145 13,370 0.0%  9 3
43,948,810 125,662 10,998 0.3% 0.0% 129,032 13,887 0.0%  9 4
41,123,213 240,748 11,950 0.6% 0.0% 244,098 14,848 0.0%  9 5
43,859,819 447,505 14,076 1.0% 0.0% 450,855 16,974 0.0%  9 6
40,059,301 861,255 18,180 2.1% 0.0% 864,605 21,078 0.0%  9 7
51,649,351 1,688,699 26,388 3.3% 0.1% 1,692,056 29,288 0.0%  9 8
67,403,368 3,343,578 42,804 5.0% 0.1% 3,346,930 45,703 0.0%  9 9
94,505,779 6,653,228 75,637 7.0% 0.1% 6,656,599 78,535 0.0%  9 10
146,422,112 14,301,444 141,301 9.8% 0.1% 14,304,829 144,199 0.0%  9 11
249,628,868 52,920,975 272,629 21.2% 0.1% 52,924,359 275,527 0.0%  9 12
455,788,376 105,613,716 535,288 23.2% 0.1% 105,617,137 538,197 0.0%  9 13
874,530,700 210,997,710 97,326,069 24.1% 11.1% 211,001,105 97,329,255 2.0%  9 14
1,719,830,477 421,762,572 211,846,636 24.5% 12.3% 421,765,967 211,849,821 2.2%  9 15
3,404,758,204 843,294,699 423,667,523 24.8% 12.4% 843,298,095 423,670,709 2.3%  9 16
6,778,384,916 1,686,358,081 847,308,812 24.9% 12.5% 1,686,361,486 847,311,998 2.3%  9 17
45,538,860 21,261 10,294 0.0% 0.0% 24,624 13,182 0.0%  10 1
42,939,884 66,271 10,550 0.2% 0.0% 69,625 13,433 0.0%  10 2
44,704,470 133,441 11,062 0.3% 0.0% 136,840 13,952 0.0%  10 3
38,236,762 247,191 12,013 0.6% 0.0% 250,564 14,910 0.0%  10 4
45,440,716 454,049 14,137 1.0% 0.0% 457,428 17,036 0.0%  10 5
46,574,599 867,711 18,237 1.9% 0.0% 871,089 21,136 0.0%  10 6
52,047,691 1,695,097 26,437 3.3% 0.1% 1,698,474 29,334 0.0%  10 7
67,282,568 3,349,950 42,837 5.0% 0.1% 3,353,322 45,735 0.0%  10 8
93,979,849 6,659,581 75,637 7.1% 0.1% 6,662,958 78,537 0.0%  10 9
142,685,828 13,278,861 141,236 9.3% 0.1% 13,282,240 144,129 0.0%  10 10
246,156,937 28,554,835 272,436 11.6% 0.1% 28,558,225 275,334 0.0%  10 11
453,132,543 105,815,580 534,839 23.4% 0.1% 105,818,981 537,748 0.0%  10 12
875,477,581 211,199,519 94,193,832 24.1% 10.8% 211,202,945 94,197,029 1.9%  10 13
1,718,880,823 421,966,051 211,849,191 24.5% 12.3% 421,969,453 211,852,376 2.2%  10 14
3,404,190,877 843,495,373 423,665,775 24.8% 12.4% 843,498,776 423,668,961 2.3%  10 15
6,782,476,831 1,686,554,500 847,299,000 24.9% 12.5% 1,686,557,909 847,302,186 2.3%  10 16
13,537,515,483 3,372,671,298 1,694,565,331 24.9% 12.5% 3,372,674,706 1,694,568,515 2.3%  10 17
38,238,815 82,841 10,678 0.2% 0.0% 86,261 13,569 0.0%  11 1
37,145,486 146,119 11,190 0.4% 0.0% 149,522 14,078 0.0%  11 2
39,269,271 260,021 12,140 0.7% 0.0% 263,406 15,039 0.0%  11 3
41,252,570 466,932 14,263 1.1% 0.0% 470,314 17,162 0.0%  11 4
46,478,656 880,604 18,361 1.9% 0.0% 883,986 21,260 0.0%  11 5
53,244,792 1,708,068 26,557 3.2% 0.0% 1,711,451 29,454 0.0%  11 6
66,045,957 3,362,804 42,949 5.1% 0.1% 3,366,183 45,846 0.0%  11 7
88,673,662 6,672,435 75,733 7.5% 0.1% 6,675,824 78,634 0.0%  11 8
149,630,458 13,291,627 141,301 8.9% 0.1% 13,295,015 144,199 0.0%  11 9
251,500,683 26,530,042 272,436 10.5% 0.1% 26,533,438 275,334 0.0%  11 10
457,410,346 57,060,316 534,711 12.5% 0.1% 57,063,720 537,620 0.0%  11 11
872,015,998 211,608,253 95,761,094 24.3% 11.0% 211,611,707 95,764,311 2.0%  11 12
1,722,544,794 422,372,190 211,860,163 24.5% 12.3% 422,375,623 211,863,360 2.2%  11 13
3,410,312,713 843,900,942 423,674,564 24.7% 12.4% 843,904,346 423,677,748 2.2%  11 14
6,787,610,674 1,686,954,393 847,303,600 24.9% 12.5% 1,686,957,807 847,306,786 2.3%  11 15
13,532,605,159 3,373,069,887 1,694,561,709 24.9% 12.5% 3,373,073,301 1,694,564,895 2.3%  11 16
27,035,837,756 6,745,302,385 3,389,077,957 24.9% 12.5% 6,745,305,801 3,389,081,146 2.3%  11 17
45,969,880 179,280 11,446 0.4% 0.0% 182,686 14,337 0.0%  12 1
38,254,563 285,895 12,397 0.7% 0.0% 289,285 15,297 0.0%  12 2
42,794,746 492,797 14,518 1.2% 0.0% 496,177 17,415 0.0%  12 3
44,498,741 906,520 18,615 2.0% 0.0% 909,903 21,514 0.0%  12 4
58,144,302 1,733,913 26,809 3.0% 0.0% 1,737,293 29,706 0.0%  12 5
69,575,455 3,388,686 43,197 4.9% 0.1% 3,392,063 46,094 0.0%  12 6
88,963,668 6,698,249 75,973 7.5% 0.1% 6,701,631 78,871 0.0%  12 7
145,300,159 13,317,503 141,525 9.2% 0.1% 13,320,884 144,420 0.0%  12 8
247,543,261 26,555,780 272,629 10.7% 0.1% 26,559,170 275,527 0.0%  12 9
454,667,341 53,032,552 534,839 11.7% 0.1% 53,035,955 537,748 0.0%  12 10
881,580,019 114,074,077 96,309,903 12.9% 10.9% 114,077,524 96,313,116 2.0%  12 11
1,728,179,144 423,184,973 211,884,755 24.5% 12.3% 423,188,405 211,887,951 2.2%  12 12
3,417,984,274 844,705,928 423,698,088 24.7% 12.4% 844,709,358 423,701,283 2.2%  12 13
6,781,670,693 1,687,769,360 847,325,277 24.9% 12.5% 1,687,772,775 847,328,463 2.3%  12 14
13,532,398,316 3,373,884,173 1,694,579,394 24.9% 12.5% 3,373,887,584 1,694,582,578 2.3%  12 15
27,027,695,616 6,746,113,916 3,389,086,700 25.0% 12.5% 6,746,117,326 3,389,089,884 2.3%  12 16
54,015,957,550 13,490,561,645 6,778,101,718 25.0% 12.5% 13,490,565,059 6,778,104,903 2.3%  12 17
51,797,916 337,574 12,982 0.7% 0.0% 340,979 15,872 0.0%  13 1
49,553,372 544,449 15,031 1.1% 0.0% 547,856 17,929 0.0%  13 2
57,579,555 958,231 19,126 1.7% 0.0% 961,639 22,025 0.0%  13 3
59,881,266 1,785,613 27,319 3.0% 0.0% 1,789,020 30,216 0.0%  13 4
68,670,532 3,440,362 43,705 5.0% 0.1% 3,443,766 46,602 0.0%  13 5
102,276,348 6,749,961 76,477 6.6% 0.1% 6,753,359 79,372 0.0%  13 6
149,590,496 13,369,163 142,021 8.9% 0.1% 13,372,564 144,913 0.0%  13 7
256,187,613 26,607,500 273,109 10.4% 0.1% 26,610,911 276,007 0.0%  13 8
467,383,238 53,084,080 535,288 11.4% 0.1% 53,087,511 538,197 0.0%  13 9
884,519,072 106,037,309 95,740,647 12.0% 10.8% 106,040,738 95,743,844 1.9%  13 10
1,728,428,863 228,097,618 211,936,176 13.2% 12.3% 228,101,050 211,939,372 2.2%  13 11
3,416,850,276 846,350,738 423,749,136 24.8% 12.4% 846,354,170 423,752,334 2.2%  13 12
6,795,753,568 1,689,405,781 847,375,030 24.9% 12.5% 1,689,409,219 847,378,227 2.3%  13 13
13,542,801,466 3,375,515,226 1,694,626,837 24.9% 12.5% 3,375,518,666 1,694,630,037 2.3%  13 14
27,036,615,104 6,747,739,531 3,389,130,293 25.0% 12.5% 6,747,742,968 3,389,133,486 2.3%  13 15
54,018,651,696 13,492,182,548 6,778,137,987 25.0% 12.5% 13,492,185,986 6,778,141,182 2.3%  13 16
     simulation.     
50,405,570 647,930 15,980 1.3% 0.0% 651,313 18,878 0.0%  14 1
56,324,269 1,061,717 20,077 1.9% 0.0% 1,065,097 22,973 0.0%  14 2
65,418,444 1,888,966 28,270 2.9% 0.0% 1,892,348 31,164 0.0%  14 3
75,212,955 3,543,768 44,655 4.7% 0.1% 3,547,149 47,549 0.0%  14 4
106,488,694 6,853,353 77,425 6.4% 0.1% 6,856,736 80,319 0.0%  14 5
158,734,371 13,472,449 142,965 8.5% 0.1% 13,475,828 145,855 0.0%  14 6
270,018,406 26,710,796 274,045 9.9% 0.1% 26,714,184 276,937 0.0%  14 7
475,737,388 53,187,389 536,208 11.2% 0.1% 53,190,790 539,112 0.0%  14 8
893,145,163 106,140,550 97,399,543 11.9% 10.9% 106,143,942 97,402,724 1.9%  14 9
1,737,524,826 212,047,018 212,039,323 12.2% 12.2% 212,050,424 212,042,509 2.2%  14 10
3,422,795,019 456,143,539 423,852,051 13.3% 12.4% 456,146,943 423,855,235 2.2%  14 11
6,793,802,042 1,692,684,671 847,477,318 24.9% 12.5% 1,692,688,084 847,480,504 2.3%  14 12
13,538,847,050 3,378,796,792 1,694,727,936 25.0% 12.5% 3,378,800,227 1,694,731,129 2.3%  14 13
27,033,714,710 6,751,017,260 3,389,229,123 25.0% 12.5% 6,751,020,673 3,389,232,309 2.3%  14 14
54,016,900,909 13,495,459,570 6,778,231,551 25.0% 12.5% 13,495,462,980 6,778,234,735 2.3%  14 15
     simulation.     
790,045 17,041 9,695 2.2% 1.2% 19,395 11,937 0.4%  14 17
73,292,832 1,268,470 22,198 1.7% 0.0% 1,271,853 25,096 0.0%  15 1
82,651,740 2,095,944 30,391 2.5% 0.0% 2,099,329 33,287 0.0%  15 2
92,241,263 3,750,614 46,776 4.1% 0.1% 3,753,996 49,670 0.0%  15 3
116,161,176 7,060,202 79,545 6.1% 0.1% 7,063,580 82,439 0.0%  15 4
166,255,662 13,679,330 145,083 8.2% 0.1% 13,682,713 147,975 0.0%  15 5
275,697,863 26,917,634 276,159 9.8% 0.1% 26,921,023 279,051 0.0%  15 6
479,316,710 53,394,169 538,325 11.1% 0.1% 53,397,573 541,229 0.0%  15 7
898,919,533 106,347,324 95,359,011 11.8% 10.6% 106,350,722 95,362,195 1.9%  15 8
1,745,037,157 212,253,589 212,246,118 12.2% 12.2% 212,256,988 212,249,303 2.2%  15 9
3,430,267,462 424,066,207 424,058,669 12.4% 12.4% 424,069,609 424,061,853 2.2%  15 10
6,807,259,366 912,233,704 847,683,706 13.4% 12.5% 912,237,118 847,686,892 2.3%  15 11
13,554,461,685 3,385,335,286 1,694,933,893 25.0% 12.5% 3,385,338,696 1,694,937,077 2.3%  15 12
27,043,200,811 6,757,568,165 3,389,433,824 25.0% 12.5% 6,757,571,602 3,389,437,017 2.3%  15 13
54,031,582,685 13,502,010,809 6,778,434,190 25.0% 12.5% 13,502,014,224 6,778,437,379 2.3%  15 14
     simulation.     
790,041 17,041 9,695 2.2% 1.2% 19,395 11,937 0.4%  15 16
998,084 39,419 31,123 3.9% 3.1% 41,830 33,414 0.7%  15 17
98,039,968 2,509,550 34,486 2.6% 0.0% 2,512,925 37,380 0.0%  16 1
113,096,331 4,164,403 50,871 3.7% 0.0% 4,167,784 53,766 0.0%  16 2
139,665,405 7,473,883 83,640 5.4% 0.1% 7,477,260 86,533 0.0%  16 3
196,704,434 14,093,080 149,177 7.2% 0.1% 14,096,458 152,066 0.0%  16 4
294,790,539 27,331,291 280,251 9.3% 0.1% 27,334,672 283,142 0.0%  16 5
502,795,803 53,807,935 542,422 10.7% 0.1% 53,811,329 545,325 0.0%  16 6
922,292,287 106,761,028 93,763,523 11.6% 10.2% 106,764,422 93,766,704 1.8%  16 7
1,765,015,703 212,667,264 212,659,773 12.0% 12.0% 212,670,662 212,662,958 2.2%  16 8
3,454,112,610 424,479,758 424,472,245 12.3% 12.3% 424,483,156 424,475,428 2.2%  16 9
6,827,390,866 848,104,688 848,097,153 12.4% 12.4% 848,108,102 848,100,342 2.3%  16 10
13,573,014,794 1,824,412,907 1,695,346,985 13.4% 12.5% 1,824,416,322 1,695,350,171 2.3%  16 11
27,066,730,002 6,770,661,509 3,389,846,566 25.0% 12.5% 6,770,664,922 3,389,849,752 2.3%  16 12
