 Row Col
 1 1
 1 2
 1 3
 1 4
 1 5
 1 6
 1 7
 1 8
 1 9
 1 10
 1 11
 1 12
 1 13
 1 14
 1 15
 1 16
 1 17
 2 1
 2 2
 2 3
 2 4
 2 5
 2 6
 2 7
 2 8
 2 9
 2 10
 2 11
 2 12
 2 13
 2 14
 2 15
 2 16
 2 17
 3 1
 3 2
 3 3
 3 4
 3 5
 3 6
 3 7
 3 8
 3 9
 3 10
 3 11
 3 12
 3 13
 3 14
 3 15
 3 16
 3 17
 4 1
 4 2
 4 3
 4 4
 4 5
 4 6
 4 7
 4 8
 4 9
 4 10
 4 11
 4 12
 4 13
 4 14
 4 15
 4 16
 4 17
 5 1
 5 2
 5 3
 5 4
 5 5
 5 6
 5 7
 5 8
 5 9
 5 10
 5 11
 5 12
 5 13
 5 14
 5 15
 5 16
 5 17
 6 1
 6 2
 6 3
 6 4
 6 5
 6 6
 6 7
 6 8
 6 9
 6 10
 6 11
 6 12
 6 13
 6 14
 6 15
 6 16
 6 17
 7 1
 7 2
 7 3
 7 4
 7 5
 7 6
 7 7
 7 8
 7 9
 7 10
 7 11
 7 12
 7 13
 7 14
 7 15
 7 16
 7 17
 8 1
 8 2
 8 3
 8 4
 8 5
 8 6
 8 7
 8 8
 8 9
 8 10
 8 11
 8 12
 8 13
 8 14
 8 15
873,063 17,963 10,093 2.1% 1.2% 21,097 12,857 0.4%  1 1
867,566 17,969 10,097 2.1% 1.2% 21,105 12,863 0.4%  1 2
868,746 17,946 10,079 2.1% 1.2% 21,104 12,859 0.4%  1 3
870,323 17,953 10,082 2.1% 1.2% 21,111 12,861 0.4%  1 4
873,572 17,961 10,088 2.1% 1.2% 21,120 12,868 0.4%  1 5
880,162 17,986 10,100 2.0% 1.1% 21,146 12,881 0.4%  1 6
892,986 18,022 10,125 2.0% 1.1% 21,179 12,905 0.4%  1 7
918,848 18,089 10,173 2.0% 1.1% 21,264 12,955 0.3%  1 8
970,464 18,231 10,269 1.9% 1.1% 21,399 13,048 0.3%  1 9
1,073,671 20,505 10,461 1.9% 1.0% 23,698 13,243 0.3%  1 10
1,280,032 93,928 10,845 7.3% 0.8% 97,164 13,626 0.2%  1 11
1,692,832 230,477 11,613 13.6% 0.7% 233,711 14,397 0.2%  1 12
2,518,276 436,823 13,149 17.3% 0.5% 440,065 15,932 0.1%  1 13
4,168,756 849,793 16,168 20.4% 0.4% 853,003 18,960 0.1%  1 14
7,470,134 1,675,137 22,386 22.4% 0.3% 1,678,340 25,174 0.1%  1 15
14,072,777 3,325,824 34,674 23.6% 0.2% 3,329,013 37,459 0.0%  1 16
27,278,312 6,627,200 59,250 24.3% 0.2% 6,630,387 62,034 0.0%  1 17
868,772 17,969 10,097 2.1% 1.2% 21,105 12,863 0.4%  2 1
875,913 17,967 10,095 2.1% 1.2% 21,125 12,875 0.4%  2 2
871,547 17,979 10,098 2.1% 1.2% 21,135 12,876 0.4%  2 3
874,801 17,980 10,103 2.1% 1.2% 21,136 12,882 0.4%  2 4
881,380 17,993 10,113 2.0% 1.1% 21,141 12,891 0.4%  2 5
894,184 18,029 10,133 2.0% 1.1% 21,182 12,912 0.4%  2 6
919,947 18,078 10,174 2.0% 1.1% 21,232 12,954 0.3%  2 7
971,569 18,197 10,254 1.9% 1.1% 21,354 13,030 0.3%  2 8
1,074,615 19,764 10,414 1.8% 1.0% 22,934 13,195 0.3%  2 9
1,280,755 75,543 10,734 5.9% 0.8% 78,774 13,514 0.2%  2 10
1,692,968 147,182 11,374 8.7% 0.7% 150,407 14,156 0.2%  2 11
2,517,334 437,312 12,564 17.4% 0.5% 440,567 15,357 0.1%  2 12
4,165,917 849,467 15,198 20.4% 0.4% 852,706 17,990 0.1%  2 13
7,469,124 1,673,890 20,261 22.4% 0.3% 1,677,090 23,049 0.1%  2 14
14,063,568 3,322,530 30,575 23.6% 0.2% 3,325,709 33,358 0.0%  2 15
27,252,697 6,619,809 51,055 24.3% 0.2% 6,622,993 53,839 0.0%  2 16
53,630,955 13,214,369 92,015 24.6% 0.2% 13,217,553 94,799 0.0%  2 17
872,346 17,946 10,079 2.1% 1.2% 21,104 12,859 0.4%  3 1
873,951 17,979 10,098 2.1% 1.2% 21,135 12,876 0.4%  3 2
883,118 17,981 10,102 2.0% 1.1% 21,139 12,882 0.4%  3 3
889,724 17,997 10,111 2.0% 1.1% 21,155 12,892 0.4%  3 4
902,506 18,024 10,129 2.0% 1.1% 21,181 12,909 0.4%  3 5
928,249 18,068 10,165 1.9% 1.1% 21,226 12,946 0.3%  3 6
979,818 18,175 10,238 1.9% 1.0% 21,331 13,017 0.3%  3 7
1,082,830 18,525 10,382 1.7% 1.0% 21,693 13,162 0.3%  3 8
1,288,814 75,482 10,670 5.9% 0.8% 78,699 13,451 0.2%  3 9
1,700,863 127,342 11,246 7.5% 0.7% 130,567 14,028 0.2%  3 10
2,518,570 257,502 12,328 10.2% 0.5% 260,713 15,120 0.1%  3 11
4,166,325 850,279 14,706 20.4% 0.4% 853,528 17,497 0.1%  3 12
7,461,577 1,674,075 19,314 22.4% 0.3% 1,677,306 22,103 0.1%  3 13
14,051,858 3,322,081 28,454 23.6% 0.2% 3,325,267 31,238 0.0%  3 14
27,232,797 6,617,313 46,960 24.3% 0.2% 6,620,498 49,744 0.0%  3 15
53,594,661 13,207,776 83,824 24.6% 0.2% 13,210,960 86,607 0.0%  3 16
106,318,352 26,388,704 157,552 24.8% 0.1% 26,391,883 160,335 0.0%  3 17
878,704 17,952 10,082 2.0% 1.1% 21,110 12,861 0.4%  4 1
882,013 17,980 10,103 2.0% 1.1% 21,136 12,882 0.4%  4 2
894,524 17,996 10,111 2.0% 1.1% 21,154 12,892 0.4%  4 3
907,316 18,021 10,129 2.0% 1.1% 21,173 12,909 0.4%  4 4
933,041 18,071 10,163 1.9% 1.1% 21,226 12,944 0.3%  4 5
984,597 18,167 10,231 1.8% 1.0% 21,320 13,010 0.3%  4 6
1,087,509 18,527 10,367 1.7% 1.0% 21,678 13,145 0.3%  4 7
1,293,495 68,180 10,639 5.3% 0.8% 71,394 13,420 0.2%  4 8
1,705,289 127,301 11,183 7.5% 0.7% 130,503 13,964 0.2%  4 9
2,522,873 230,986 12,201 9.2% 0.5% 234,193 14,993 0.1%  4 10
4,169,987 479,676 14,451 11.5% 0.3% 482,886 17,243 0.1%  4 11
7,464,318 1,676,776 18,803 22.5% 0.3% 1,680,013 21,590 0.1%  4 12
14,052,588 3,323,869 27,507 23.7% 0.2% 3,327,082 30,292 0.0%  4 13
27,229,406 6,618,466 44,839 24.3% 0.2% 6,621,641 47,621 0.0%  4 14
53,583,083 13,206,882 79,729 24.6% 0.1% 13,210,062 82,513 0.0%  4 15
106,290,386 26,383,713 149,361 24.8% 0.1% 26,386,889 152,144 0.0%  4 16
211,705,327 52,737,377 288,625 24.9% 0.1% 52,740,551 291,409 0.0%  4 17
891,570 17,962 10,088 2.0% 1.1% 21,121 12,868 0.4%  5 1
898,188 17,994 10,113 2.0% 1.1% 21,150 12,893 0.4%  5 2
916,906 18,025 10,129 2.0% 1.1% 21,182 12,909 0.3%  5 3
942,641 18,073 10,163 1.9% 1.1% 21,228 12,944 0.3%  5 4
994,194 18,159 10,229 1.8% 1.0% 21,312 13,008 0.3%  5 5
1,097,073 19,861 10,361 1.8% 0.9% 23,012 13,139 0.3%  5 6
1,302,963 58,876 10,625 4.5% 0.8% 62,076 13,404 0.2%  5 7
1,714,769 127,445 11,153 7.4% 0.7% 130,645 13,934 0.2%  5 8
2,532,183 231,033 12,139 9.1% 0.5% 234,223 14,930 0.1%  5 9
4,179,068 438,394 14,325 10.5% 0.3% 441,601 17,117 0.1%  5 10
7,472,777 913,017 18,549 12.2% 0.2% 916,218 21,337 0.1%  5 11
14,060,193 3,329,774 26,997 23.7% 0.2% 3,333,006 29,783 0.0%  5 12
27,234,947 6,623,462 43,893 24.3% 0.2% 6,626,670 46,676 0.0%  5 13
53,584,486 13,211,238 77,609 24.7% 0.1% 13,214,420 80,393 0.0%  5 14
106,283,625 26,386,022 145,267 24.8% 0.1% 26,389,199 148,051 0.0%  5 15
211,682,173 52,735,589 280,435 24.9% 0.1% 52,738,770 283,221 0.0%  5 16
422,478,730 105,434,725 550,814 25.0% 0.1% 105,437,906 553,615 0.0%  5 17
917,366 17,986 10,100 2.0% 1.1% 21,146 12,881 0.3%  6 1
930,177 18,029 10,133 1.9% 1.1% 21,184 12,912 0.3%  6 2
961,848 18,068 10,165 1.9% 1.1% 21,224 12,946 0.3%  6 3
1,013,392 18,168 10,231 1.8% 1.0% 21,321 13,010 0.3%  6 4
1,116,272 20,045 10,361 1.8% 0.9% 23,196 13,139 0.3%  6 5
1,322,133 57,177 10,621 4.3% 0.8% 60,377 13,400 0.2%  6 6
1,733,857 127,815 11,141 7.4% 0.6% 131,003 13,921 0.2%  6 7
2,551,268 231,376 12,111 9.1% 0.5% 234,566 14,902 0.1%  6 8
4,197,976 438,283 14,265 10.4% 0.3% 441,473 17,056 0.1%  6 9
7,491,470 852,297 18,425 11.4% 0.2% 855,495 21,213 0.1%  6 10
14,078,257 1,810,786 26,745 12.9% 0.2% 1,813,974 29,530 0.0%  6 11
27,252,172 6,635,759 43,385 24.3% 0.2% 6,638,989 46,171 0.0%  6 12
53,599,645 13,222,631 76,665 24.7% 0.1% 13,225,846 79,450 0.0%  6 13
106,294,619 26,396,777 143,149 24.8% 0.1% 26,399,952 145,933 0.0%  6 14
211,685,009 52,744,297 276,343 24.9% 0.1% 52,747,479 279,130 0.0%  6 15
422,465,147 105,439,336 542,620 25.0% 0.1% 105,442,510 545,417 0.0%  6 16
844,026,177 210,829,416 105,956,303 25.0% 12.6% 210,832,611 105,959,297 2.3%  6 17
968,585 18,022 10,125 1.9% 1.0% 21,181 12,905 0.3%  7 1
994,353 18,079 10,174 1.8% 1.0% 21,235 12,954 0.3%  7 2
1,051,818 18,176 10,238 1.7% 1.0% 21,332 13,017 0.3%  7 3
1,154,716 18,545 10,367 1.6% 0.9% 21,696 13,145 0.3%  7 4
1,360,570 60,056 10,625 4.4% 0.8% 63,256 13,404 0.2%  7 5
1,772,250 128,607 11,141 7.3% 0.6% 131,795 13,921 0.2%  7 6
2,589,579 232,145 12,103 9.0% 0.5% 235,321 14,894 0.1%  7 7
4,236,301 439,032 14,241 10.4% 0.3% 442,222 17,032 0.1%  7 8
7,529,616 852,784 18,369 11.3% 0.2% 855,964 21,156 0.1%  7 9
14,116,182 1,680,328 26,625 11.9% 0.2% 1,683,515 29,410 0.0%  7 10
27,289,450 3,595,573 43,137 13.2% 0.2% 3,598,757 45,922 0.0%  7 11
53,636,024 13,247,730 76,161 24.7% 0.1% 13,250,954 78,946 0.0%  7 12
106,328,994 26,420,974 142,209 24.8% 0.1% 26,424,182 144,994 0.0%  7 13
211,715,222 52,767,858 274,229 24.9% 0.1% 52,771,035 277,014 0.0%  7 14
422,487,201 105,460,850 538,524 25.0% 0.1% 105,464,031 541,323 0.0%  7 15
844,031,838 210,846,833 105,940,728 25.0% 12.6% 210,850,028 105,943,726 2.3%  7 16
1,687,119,811 421,618,801 211,863,288 25.0% 12.6% 421,621,991 211,866,282 2.3%  7 17
1,071,283 18,088 10,173 1.7% 0.9% 21,262 12,954 0.3%  8 1
1,122,799 18,194 10,254 1.6% 0.9% 21,350 13,029 0.3%  8 2
1,231,679 18,537 10,382 1.5% 0.8% 21,704 13,161 0.2%  8 3
1,437,537 70,867 10,639 4.9% 0.7% 74,080 13,419 0.2%  8 4
1,849,220 130,213 11,153 7.0% 0.6% 133,414 13,933 0.2%  8 5
2,666,521 233,749 12,111 8.8% 0.5% 236,939 14,902 0.1%  8 6
4,313,163 440,614 14,241 10.2% 0.3% 443,804 17,032 0.1%  8 7
7,606,479 854,331 18,353 11.2% 0.2% 857,511 21,140 0.1%  8 8
14,192,882 1,681,786 26,577 11.8% 0.2% 1,684,952 29,362 0.0%  8 9
27,365,920 3,336,716 43,025 12.2% 0.2% 3,339,902 45,810 0.0%  8 10
53,711,930 7,162,487 75,921 13.3% 0.1% 7,165,674 78,706 0.0%  8 11
106,403,927 26,471,676 141,713 24.9% 0.1% 26,474,889 144,496 0.0%  8 12
211,788,180 52,817,656 273,297 24.9% 0.1% 52,820,870 276,085 0.0%  8 13
422,556,007 105,510,018 536,391 25.0% 0.1% 105,513,200 539,189 0.0%  8 14
844,092,460 210,893,954 105,934,150 25.0% 12.6% 210,897,152 105,937,150 2.3%  8 15
1,687,164,010 421,661,825 211,848,518 25.0% 12.6% 421,665,016 211,851,514 2.3%  8 16
3,373,307,030 843,197,569 423,677,254 25.0% 12.6% 843,200,764 423,680,252 2.3%  8 17
1,276,504 18,231 10,269 1.4% 0.8% 21,391 13,045 0.2%  9 1
1,379,460 19,974 10,414 1.4% 0.8% 23,132 13,190 0.2%  9 2
1,591,249 81,339 10,670 5.1% 0.7% 84,555 13,450 0.2%  9 3
2,002,929 133,438 11,183 6.7% 0.6% 136,637 13,963 0.1%  9 4
2,820,233 236,972 12,139 8.4% 0.4% 240,160 14,930 0.1%  9 5
4,466,850 443,825 14,265 9.9% 0.3% 447,015 17,056 0.1%  9 6
7,760,058 857,534 18,369 11.1% 0.2% 860,712 21,156 0.1%  9 7
14,346,486 1,684,955 26,577 11.7% 0.2% 1,688,121 29,362 0.0%  9 8
27,519,347 3,339,802 42,993 12.1% 0.2% 3,342,966 45,777 0.0%  9 9
53,865,124 6,649,544 75,825 12.3% 0.1% 6,652,730 78,610 0.0%  9 10
106,556,551 14,288,635 141,489 13.4% 0.1% 14,291,815 144,274 0.0%  9 11
211,939,852 52,919,580 272,817 25.0% 0.1% 52,922,808 275,605 0.0%  9 12
422,705,640 105,611,029 535,475 25.0% 0.1% 105,614,241 538,274 0.0%  9 13
844,237,973 210,994,335 105,933,212 25.0% 12.5% 210,997,534 105,936,213 2.3%  9 14
1,687,301,397 421,760,159 211,843,558 25.0% 12.6% 421,763,354 211,846,557 2.3%  9 15
3,373,427,986 843,291,806 423,664,102 25.0% 12.6% 843,294,999 423,667,100 2.3%  9 16
6,745,681,292 1,686,355,101 847,305,190 25.0% 12.6% 1,686,358,309 847,308,190 2.3%  9 17
1,686,960 21,188 10,461 1.3% 0.6% 24,381 13,240 0.2%  10 1
1,892,834 88,187 10,734 4.7% 0.6% 91,422 13,513 0.1%  10 2
2,310,446 139,902 11,246 6.1% 0.5% 143,128 14,027 0.1%  10 3
3,127,762 243,432 12,201 7.8% 0.4% 246,646 14,993 0.1%  10 4
4,774,364 450,287 14,325 9.4% 0.3% 453,501 17,117 0.1%  10 5
8,067,557 863,987 18,425 10.7% 0.2% 867,190 21,213 0.0%  10 6
14,653,858 1,691,394 26,625 11.5% 0.2% 1,694,584 29,410 0.0%  10 7
27,826,753 3,346,207 43,025 12.0% 0.2% 3,349,394 45,810 0.0%  10 8
54,172,354 6,655,838 75,825 12.3% 0.1% 6,659,027 78,610 0.0%  10 9
106,863,568 13,275,144 141,425 12.4% 0.1% 13,278,336 144,210 0.0%  10 10
212,246,271 28,541,372 272,625 13.4% 0.1% 28,544,570 275,413 0.0%  10 11
423,011,158 105,815,389 535,027 25.0% 0.1% 105,818,622 537,826 0.0%  10 12
844,541,438 211,197,782 105,937,604 25.0% 12.5% 211,201,018 105,940,619 2.3%  10 13
1,687,600,731 421,962,975 211,845,852 25.0% 12.6% 421,966,180 211,848,852 2.3%  10 14
3,373,719,140 843,492,575 423,662,374 25.0% 12.6% 843,495,778 423,665,373 2.3%  10 15
6,745,956,036 1,686,551,774 847,295,270 25.0% 12.6% 1,686,554,990 847,298,270 2.3%  10 16
13,490,429,675 3,372,670,175 1,694,561,062 25.0% 12.6% 3,372,673,387 1,694,564,061 2.3%  10 17
2,507,751 101,109 10,845 4.0% 0.4% 104,354 13,626 0.1%  11 1
2,919,424 152,831 11,374 5.2% 0.4% 156,063 14,155 0.1%  11 2
3,742,662 256,356 12,328 6.8% 0.3% 259,577 15,120 0.1%  11 3
5,389,266 463,208 14,451 8.6% 0.3% 466,426 17,243 0.1%  11 4
8,682,366 876,910 18,549 10.1% 0.2% 880,101 21,334 0.0%  11 5
15,268,732 1,704,307 26,745 11.2% 0.2% 1,707,494 29,528 0.0%  11 6
28,441,529 3,359,106 43,137 11.8% 0.2% 3,362,296 45,922 0.0%  11 7
54,787,159 6,668,703 75,921 12.2% 0.1% 6,671,894 78,706 0.0%  11 8
107,478,181 13,287,902 141,489 12.4% 0.1% 13,291,088 144,274 0.0%  11 9
212,860,653 26,526,345 272,625 12.5% 0.1% 26,529,544 275,413 0.0%  11 10
423,625,066 57,046,867 534,899 13.5% 0.1% 57,050,106 537,697 0.0%  11 11
845,154,306 211,607,005 105,949,517 25.0% 12.5% 211,610,253 105,952,555 2.3%  11 12
1,688,211,567 422,371,286 211,856,708 25.0% 12.5% 422,374,523 211,859,722 2.3%  11 13
3,374,325,861 843,900,255 423,671,132 25.0% 12.6% 843,903,460 423,674,131 2.3%  11 14
6,746,554,550 1,686,957,407 847,300,006 25.0% 12.6% 1,686,960,625 847,303,006 2.3%  11 15
13,491,011,845 3,373,071,711 1,694,557,606 25.0% 12.6% 3,373,074,929 1,694,560,605 2.3%  11 16
26,979,926,274 6,745,300,319 3,389,072,806 25.0% 12.6% 6,745,303,537 3,389,075,806 2.3%  11 17
4,149,231 178,680 11,613 4.3% 0.3% 181,919 14,395 0.1%  12 1
4,972,627 282,113 12,564 5.7% 0.3% 285,375 15,357 0.1%  12 2
6,619,224 489,079 14,706 7.4% 0.2% 492,346 17,500 0.0%  12 3
9,912,331 902,778 18,803 9.1% 0.2% 906,013 21,589 0.0%  12 4
16,498,684 1,730,177 26,997 10.5% 0.2% 1,733,407 29,781 0.0%  12 5
29,671,453 3,384,966 43,385 11.4% 0.1% 3,388,202 46,171 0.0%  12 6
56,016,913 6,694,545 76,161 12.0% 0.1% 6,697,775 78,946 0.0%  12 7
108,707,965 13,313,710 141,713 12.2% 0.1% 13,316,934 144,498 0.0%  12 8
214,090,260 26,552,045 272,817 12.4% 0.1% 26,555,277 275,605 0.0%  12 9
424,854,352 53,028,760 535,027 12.5% 0.1% 53,031,996 537,826 0.0%  12 10
846,383,098 114,057,819 105,974,861 13.5% 12.5% 114,061,065 105,977,899 2.3%  12 11
1,689,439,349 423,190,232 211,881,540 25.0% 12.5% 423,193,464 211,884,550 2.3%  12 12
3,375,551,608 844,718,296 423,694,916 25.0% 12.6% 844,721,534 423,697,931 2.3%  12 13
6,747,776,358 1,687,774,833 847,321,705 25.0% 12.6% 1,687,778,097 847,324,748 2.3%  12 14
13,492,225,416 3,373,887,090 1,694,575,283 25.0% 12.6% 3,373,890,350 1,694,578,325 2.3%  12 15
26,981,123,480 6,746,111,601 3,389,082,291 25.0% 12.6% 6,746,114,863 3,389,085,333 2.3%  12 16
53,958,919,585 13,490,560,625 6,778,096,307 25.0% 12.6% 13,490,563,889 6,778,099,350 2.3%  12 17
7,432,281 333,826 13,149 4.5% 0.2% 337,064 15,926 0.0%  13 1
9,078,722 540,668 15,198 6.0% 0.2% 543,886 17,983 0.0%  13 2
12,371,904 954,475 19,314 7.7% 0.2% 957,694 22,099 0.0%  13 3
18,958,280 1,781,871 27,507 9.4% 0.1% 1,785,090 30,292 0.0%  13 4
32,131,036 3,436,662 43,893 10.7% 0.1% 3,439,881 46,678 0.0%  13 5
58,476,512 6,746,235 76,665 11.5% 0.1% 6,749,447 79,448 0.0%  13 6
111,167,469 13,365,386 142,209 12.0% 0.1% 13,368,600 144,994 0.0%  13 7
216,549,816 26,603,687 273,297 12.3% 0.1% 26,606,907 276,085 0.0%  13 8
427,313,710 53,080,294 535,475 12.4% 0.1% 53,083,514 538,274 0.0%  13 9
848,842,277 106,033,553 106,026,354 12.5% 12.5% 106,036,792 106,029,369 2.3%  13 10
1,691,897,991 228,079,688 211,932,740 13.5% 12.5% 228,082,927 211,935,754 2.3%  13 11
3,378,009,234 846,356,696 423,745,604 25.1% 12.5% 846,359,933 423,748,617 2.3%  13 12
6,750,231,708 1,689,412,311 847,371,331 25.0% 12.6% 1,689,415,557 847,374,343 2.3%  13 13
0 0 0 0.0% 0.0% 0 0 0.0%  13 14
 13 15
 13 16
 13 17
 14 1
 14 2
 14 3
 14 4
 14 5
 14 6
 14 7
 14 8
 14 9
 14 10
 14 11
 14 12
 14 13
 14 14
 14 15
 14 16
 14 17
 15 1
 15 2
 15 3
 15 4
 15 5
 15 6
 15 7
 15 8
 15 9
 15 10
 15 11
 15 12
 15 13
 15 14
 15 15
 15 16
 15 17
 16 1
 16 2
 16 3
 16 4
 16 5
 16 6
 16 7
 16 8
 16 9
 16 10
 16 11
 16 12
 16 13
 16 14
 16 15
 16 16
 16 17
 17 1
 17 2
 17 3
 17 4
 17 5
 17 6
 17 7
 17 8
 17 9
 17 10
 17 11
 17 12
 17 13
 17 14
 17 15
 17 16
 17 17
 1 1
 1 2
 1 3
 1 4
 1 5
 1 6
 1 7
 1 8
 1 9
 1 10
 1 11
 1 12
 1 13
 1 14
 1 15
 1 16
 1 17
 2 1
 2 2
 2 3
 2 4
 2 5
 2 6
 2 7
 2 8
 2 9
 2 10
 2 11
 2 12
 2 13
 2 14
 2 15
 2 16
 2 17
 3 1
 3 2
 3 3
 3 4
 3 5
 3 6
 3 7
 3 8
 3 9
 3 10
 3 11
 3 12
 3 13
 3 14
 3 15
 3 16
 3 17
 4 1
 4 2
 4 3
 4 4
 4 5
 4 6
 4 7
 4 8
 4 9
 4 10
 4 11
 4 12
 4 13
 4 14
 4 15
 4 16
 4 17
 5 1
 5 2
 5 3
 5 4
 5 5
 5 6
 5 7
 5 8
 5 9
 5 10
 5 11
 5 12
 5 13
 5 14
 5 15
 5 16
 5 17
 6 1
 6 2
 6 3
 6 4
 6 5
 6 6
 6 7
 6 8
 6 9
 6 10
 6 11
 6 12
 6 13
 6 14
 6 15
 6 16
 6 17
 7 1
 7 2
 7 3
 7 4
 7 5
 7 6
 7 7
 7 8
 7 9
 7 10
 7 11
 7 12
 7 13
 7 14
 7 15
 7 16
 7 17
 8 1
 8 2
 8 3
 8 4
 8 5
 8 6
 8 7
 8 8
 8 9
 8 10
 8 11
 8 12
 8 13
 8 14
 8 15
 8 16
 8 17
 9 1
 9 2
 9 3
 9 4
 9 5
 9 6
 9 7
 9 8
 9 9
 9 10
 9 11
 9 12
 9 13
 9 14
 9 15
 9 16
 9 17
 10 1
 10 2
 10 3
 10 4
 10 5
 10 6
 10 7
 10 8
 10 9
 10 10
 10 11
 10 12
 10 13
 10 14
 10 15
 10 16
 10 17
 11 1
 11 2
 11 3
 11 4
 11 5
 11 6
 11 7
 11 8
 11 9
 11 10
 11 11
 11 12
 11 13
 11 14
 11 15
 11 16
 11 17
 12 1
 12 2
 12 3
 12 4
 12 5
 12 6
 12 7
 12 8
 12 9
 12 10
 12 11
 12 12
 12 13
 12 14
 12 15
 12 16
 12 17
 13 1
 13 2
 13 3
 13 4
 13 5
 13 6
 13 7
 13 8
 13 9
 13 10
 13 11
 13 12
 13 13
 13 14
 13 15
 13 16
 13 17
 14 1
 14 2
 14 3
 14 4
 14 5
 14 6
 14 7
 14 8
 14 9
 14 10
 14 11
 14 12
 14 13
 14 14
 14 15
 14 16
 14 17
 15 1
 15 2
 15 3
 15 4
 15 5
 15 6
 15 7
 15 8
 15 9
 15 10
 15 11
 15 12
 15 13
 15 14
 15 15
 15 16
 15 17
 16 1
 16 2
 16 3
 16 4
 16 5
 16 6
 16 7
 16 8
 16 9
 16 10
 16 11
 16 12
 16 13
 16 14
 16 15
 16 16
 16 17
 17 1
 17 2
 17 3
 17 4
 17 5
 17 6
 17 7
 17 8
 17 9
 17 10
 17 11
 17 12
 17 13
 17 14
 17 15
 17 16
 17 17
 1 1
 1 2
 1 3
 1 4
 1 5
 1 6
 1 7
 1 8
 1 9
 1 10
 1 11
 1 12
 1 13
 1 14
 1 15
 1 16
 1 17
 2 1
 2 2
 2 3
 2 4
 2 5
 2 6
 2 7
 2 8
 2 9
 2 10
 2 11
 2 12
 2 13
 2 14
 2 15
 2 16
 2 17
 3 1
 3 2
 3 3
 3 4
 3 5
 3 6
 3 7
 3 8
 3 9
 3 10
 3 11
 3 12
 3 13
 3 14
 3 15
 3 16
 3 17
 4 1
 4 2
 4 3
 4 4
 4 5
 4 6
 4 7
 4 8
 4 9
 4 10
 4 11
 4 12
 4 13
 4 14
 4 15
 4 16
 4 17
 5 1
 5 2
 5 3
 5 4
 5 5
 5 6
 5 7
 5 8
 5 9
 5 10
 5 11
 5 12
 5 13
 5 14
 5 15
 5 16
 5 17
 6 1
 6 2
 6 3
 6 4
 6 5
 6 6
 6 7
 6 8
 6 9
 6 10
 6 11
 6 12
 6 13
 6 14
 6 15
 6 16
 6 17
 7 1
 7 2
 7 3
 7 4
 7 5
 7 6
 7 7
 7 8
 7 9
 7 10
 7 11
 7 12
 7 13
 7 14
 7 15
 7 16
 7 17
 8 1
 8 2
 8 3
 8 4
 8 5
 8 6
 8 7
 8 8
 8 9
 8 10
 8 11
 8 12
 8 13
 8 14
 8 15
 8 16
 8 17
 9 1
 9 2
 9 3
 9 4
 9 5
 9 6
 9 7
 9 8
 9 9
 9 10
 9 11
 9 12
 9 13
 9 14
 9 15
 9 16
 9 17
 10 1
 10 2
 10 3
 10 4
 10 5
 10 6
 10 7
 10 8
 10 9
 10 10
 10 11
 10 12
 10 13
 10 14
 10 15
 10 16
 10 17
 11 1
 11 2
 11 3
 11 4
 11 5
 11 6
 11 7
 11 8
 11 9
 11 10
 11 11
 11 12
 11 13
 11 14
 11 15
 11 16
 11 17
 12 1
 12 2
 12 3
 12 4
 12 5
 12 6
 12 7
 12 8
 12 9
 12 10
 12 11
 12 12
 12 13
 12 14
 12 15
 12 16
 12 17
 13 1
 13 2
 13 3
 13 4
 13 5
 13 6
 13 7
 13 8
 13 9
 13 10
 13 11
 13 12
 13 13
 13 14
 13 15
 13 16
 13 17
 14 1
 14 2
 14 3
 14 4
 14 5
 14 6
 14 7
 14 8
 14 9
 14 10
 14 11
 14 12
 14 13
 14 14
 14 15
 14 16
 14 17
 15 1
 15 2
 15 3
 15 4
 15 5
 15 6
 15 7
 15 8
 15 9
 15 10
 15 11
 15 12
 15 13
 15 14
 15 15
 15 16
 15 17
 16 1
 16 2
 16 3
 16 4
 16 5
 16 6
 16 7
 16 8
 16 9
 16 10
 16 11
 16 12
 16 13
 16 14
 16 15
 16 16
 16 17
 17 1
 17 2
 17 3
 17 4
 17 5
 17 6
 17 7
 17 8
 17 9
 17 10
 17 11
 17 12
 17 13
 17 14
 17 15
 17 16
 17 17
 1 1
 1 2
 1 3
 1 4
 1 5
 1 6
 1 7
 1 8
 1 9
 1 10
 1 11
 1 12
 1 13
 1 14
 1 15
 1 16
 1 17
 2 1
 2 2
 2 3
 2 4
 2 5
 2 6
 2 7
 2 8
 2 9
 2 10
 2 11
 2 12
 2 13
 2 14
 2 15
 2 16
 2 17
 3 1
 3 2
 3 3
 3 4
 3 5
 3 6
 3 7
 3 8
 3 9
 3 10
 3 11
 3 12
 3 13
 3 14
 3 15
 3 16
 3 17
 4 1
 4 2
 4 3
 4 4
 4 5
 4 6
 4 7
 4 8
 4 9
 4 10
 4 11
 4 12
 4 13
 4 14
 4 15
 4 16
 4 17
 5 1
 5 2
 5 3
 5 4
 5 5
 5 6
 5 7
 5 8
 5 9
 5 10
 5 11
 5 12
 5 13
 5 14
 5 15
 5 16
 5 17
 6 1
 6 2
 6 3
 6 4
 6 5
 6 6
 6 7
 6 8
 6 9
 6 10
 6 11
 6 12
 6 13
 6 14
 6 15
 6 16
 6 17
 7 1
 7 2
 7 3
 7 4
 7 5
 7 6
 7 7
 7 8
 7 9
 7 10
 7 11
 7 12
 7 13
 7 14
 7 15
 7 16
 7 17
 8 1
 8 2
 8 3
 8 4
 8 5
 8 6
 8 7
 8 8
 8 9
 8 10
 8 11
 8 12
 8 13
 8 14
 8 15
 8 16
 8 17
 9 1
 9 2
 9 3
 9 4
 9 5
 9 6
 9 7
 9 8
 9 9
 9 10
 9 11
 9 12
 9 13
 9 14
 9 15
 9 16
 9 17
 10 1
 10 2
 10 3
 10 4
 10 5
 10 6
 10 7
 10 8
 10 9
 10 10
 10 11
 10 12
 10 13
 10 14
 10 15
 10 16
 10 17
 11 1
 11 2
 11 3
 11 4
 11 5
 11 6
 11 7
 11 8
 11 9
 11 10
 11 11
 11 12
 11 13
 11 14
 11 15
 11 16
 11 17
 12 1
 12 2
 12 3
 12 4
 12 5
 12 6
 12 7
 12 8
 12 9
 12 10
 12 11
 12 12
 12 13
 12 14
 12 15
 12 16
 12 17
 13 1
 13 2
 13 3
 13 4
 13 5
 13 6
 13 7
 13 8
 13 9
 13 10
 13 11
 13 12
 13 13
 13 14
 13 15
 13 16
 13 17
 14 1
 14 2
 14 3
 14 4
 14 5
 14 6
 14 7
 14 8
 14 9
 14 10
 14 11
 14 12
 14 13
 14 14
 14 15
 14 16
 14 17
 15 1
 15 2
 15 3
 15 4
 15 5
 15 6
 15 7
 15 8
 15 9
 15 10
 15 11
 15 12
 15 13
 15 14
 15 15
 15 16
 15 17
 16 1
 16 2
 16 3
 16 4
 16 5
 16 6
 16 7
 16 8
 16 9
 16 10
 16 11
 16 12
 16 13
 16 14
 16 15
 16 16
 16 17
 17 1
 17 2
 17 3
 17 4
 17 5
 17 6
 17 7
 17 8
 17 9
 17 10
 17 11
 17 12
 17 13
 17 14
 17 15
 17 16
 17 17
13,997,795 644,384 16,166 4.6% 0.1% 647,570 18,949 0.0%  14 1
17,296,965 1,058,082 20,259 6.1% 0.1% 1,061,272 23,044 0.0%  14 2
23,877,399 1,885,475 28,452 7.9% 0.1% 1,888,667 31,236 0.0%  14 3
37,050,160 3,540,261 44,837 9.6% 0.1% 3,543,449 47,621 0.0%  14 4
63,395,630 6,849,833 77,607 10.8% 0.1% 6,853,014 80,389 0.0%  14 5
116,086,570 13,468,976 143,147 11.6% 0.1% 13,472,159 145,931 0.0%  14 6
221,468,780 26,707,268 274,227 12.1% 0.1% 26,710,458 277,014 0.0%  14 7
432,232,712 53,183,842 536,389 12.3% 0.1% 53,187,032 539,187 0.0%  14 8
853,761,059 106,136,992 106,129,726 12.4% 12.4% 106,140,194 106,132,726 2.3%  14 9
1,696,816,589 212,043,519 212,036,253 12.5% 12.5% 212,046,724 212,039,252 2.3%  14 10
3,382,927,327 456,123,889 423,848,634 13.5% 12.5% 456,127,096 423,851,633 2.3%  14 11
6,755,148,992 1,692,690,121 847,473,862 25.1% 12.5% 1,692,693,385 847,476,905 2.3%  14 12
13,499,591,889 3,378,800,832 1,694,724,282 25.0% 12.6% 3,378,804,075 1,694,727,290 2.3%  14 13
26,988,477,577 6,751,022,255 3,389,225,136 25.0% 12.6% 6,751,025,473 3,389,228,137 2.3%  14 14
53,966,249,078 13,495,465,135 6,778,226,864 25.0% 12.6% 13,495,468,357 6,778,229,866 2.3%  14 15
     simulation.     
789,897 17,034 9,695 2.2% 1.2% 19,389 11,938 0.4%  14 17
27,129,588 1,264,928 22,384 4.7% 0.1% 1,268,121 25,169 0.0%  15 1
33,721,916 2,092,323 30,573 6.2% 0.1% 2,095,515 33,358 0.0%  15 2
46,888,735 3,747,107 46,958 8.0% 0.1% 3,750,298 49,742 0.0%  15 3
73,234,098 7,056,677 79,727 9.6% 0.1% 7,059,858 82,511 0.0%  15 4
125,925,128 13,675,817 145,265 10.9% 0.1% 13,678,998 148,049 0.0%  15 5
231,307,336 26,914,096 276,341 11.6% 0.1% 26,917,284 279,128 0.0%  15 6
442,071,136 53,390,660 538,513 12.1% 0.1% 53,393,842 541,310 0.0%  15 7
863,599,553 106,343,778 106,336,583 12.3% 12.3% 106,346,982 106,339,583 2.2%  15 8
1,706,654,859 212,250,016 212,242,824 12.4% 12.4% 212,253,218 212,245,824 2.3%  15 9
3,392,765,383 424,062,720 424,055,527 12.5% 12.5% 424,065,926 424,058,526 2.3%  15 10
6,764,986,411 912,211,440 847,680,260 13.5% 12.5% 912,214,660 847,683,260 2.3%  15 11
13,509,428,471 3,385,355,978 1,694,930,192 25.1% 12.5% 3,385,359,240 1,694,933,235 2.3%  15 12
26,998,312,154 6,757,576,896 3,389,430,020 25.0% 12.6% 6,757,580,136 3,389,433,027 2.3%  15 13
53,976,079,468 13,502,018,735 6,778,429,616 25.0% 12.6% 13,502,021,957 6,778,432,618 2.3%  15 14
     simulation.     
789,893 17,034 9,695 2.2% 1.2% 19,389 11,938 0.4%  15 16
874,912 39,250 31,067 4.5% 3.6% 41,505 33,225 0.9%  15 17
53,393,131 2,506,016 34,672 4.7% 0.1% 2,509,211 37,457 0.0%  16 1
66,571,853 4,160,802 51,053 6.3% 0.1% 4,163,992 53,837 0.0%  16 2
92,911,265 7,470,370 83,822 8.0% 0.1% 7,473,553 86,605 0.0%  16 3
145,602,335 14,089,508 149,359 9.7% 0.1% 14,092,690 152,142 0.0%  16 4
250,984,521 27,327,784 280,433 10.9% 0.1% 27,330,971 283,219 0.0%  16 5
461,748,310 53,804,335 542,614 11.7% 0.1% 53,807,522 545,413 0.0%  16 6
883,276,606 106,757,443 106,750,249 12.1% 12.1% 106,760,646 106,753,247 2.2%  16 7
1,726,331,920 212,663,649 212,656,455 12.3% 12.3% 212,666,851 212,659,455 2.2%  16 8
3,412,442,292 424,476,063 424,468,872 12.4% 12.4% 424,479,264 424,471,870 2.3%  16 9
6,784,663,060 848,101,118 848,093,927 12.5% 12.5% 848,104,337 848,096,927 2.3%  16 10
13,529,104,515 1,824,386,544 1,695,343,364 13.5% 12.5% 1,824,389,762 1,695,346,363 2.3%  16 11
27,017,987,344 6,770,687,689 3,389,842,704 25.1% 12.5% 6,770,690,943 3,389,845,741 2.3%  16 12
53,995,752,651 13,515,129,023 6,778,841,348 25.0% 12.6% 13,515,132,266 6,778,844,355 2.3%  16 13
     simulation.     
789,893 17,034 9,695 2.2% 1.2% 19,389 11,938 0.4%  16 15
858,524 35,153 26,971 4.1% 3.1% 37,408 29,129 0.8%  16 16
891,296 43,345 35,163 4.9% 3.9% 45,600 37,321 1.0%  16 17
105,920,097 4,988,192 59,248 4.7% 0.1% 4,991,371 62,030 0.0%  17 1
132,271,554 8,297,762 92,013 6.3% 0.1% 8,300,943 94,797 0.0%  17 2
184,956,690 14,916,898 157,550 8.1% 0.1% 14,920,081 160,333 0.0%  17 3
290,338,882 28,155,172 288,623 9.7% 0.1% 28,158,357 291,409 0.0%  17 4
501,102,651 54,631,720 550,810 10.9% 0.1% 54,634,907 553,611 0.0%  17 5
922,630,938 107,584,815 107,577,624 11.7% 11.7% 107,588,018 107,580,618 2.1%  17 6
1,765,686,182 213,491,011 213,483,817 12.1% 12.1% 213,494,212 213,486,814 2.2%  17 7
3,451,796,485 425,303,393 425,296,199 12.3% 12.3% 425,306,587 425,299,193 2.2%  17 8
6,824,017,142 848,928,158 848,920,968 12.4% 12.4% 848,931,362 848,923,968 2.3%  17 9
13,568,458,374 1,696,177,919 1,696,170,727 12.5% 12.5% 1,696,181,134 1,696,173,726 2.3%  17 10
27,057,340,576 3,648,736,752 3,390,669,572 13.5% 12.5% 3,648,739,968 3,390,672,571 2.3%  17 11
54,035,105,040 13,541,351,113 6,779,667,728 25.1% 12.5% 13,541,354,374 6,779,670,770 2.3%  17 12
     simulation.     
789,897 17,034 9,695 2.2% 1.2% 19,389 11,938 0.4%  17 14
874,912 39,250 31,067 4.5% 3.6% 41,505 33,225 0.9%  17 15
891,296 43,345 35,163 4.9% 3.9% 45,600 37,321 1.0%  17 16
924,068 51,537 43,355 5.6% 4.7% 53,792 45,513 1.2%  17 17
35,026,757 645,502 15,949 1.8% 0.0% 648,875 18,844 0.0%  14 1
39,386,912 1,059,229 20,046 2.7% 0.1% 1,062,603 22,941 0.0%  14 2
44,470,042 1,886,549 28,239 4.2% 0.1% 1,889,927 31,132 0.0%  14 3
58,262,427 3,541,295 44,624 6.1% 0.1% 3,544,669 47,517 0.0%  14 4
86,545,454 6,850,898 77,394 7.9% 0.1% 6,854,268 80,283 0.0%  14 5
138,192,645 13,470,053 142,934 9.7% 0.1% 13,473,424 145,822 0.0%  14 6
245,569,968 26,708,324 274,014 10.9% 0.1% 26,711,699 276,903 0.0%  14 7
455,468,774 53,184,925 536,177 11.7% 0.1% 53,188,305 539,080 0.0%  14 8
877,263,988 106,138,077 95,892,372 12.1% 10.9% 106,141,471 95,895,554 2.0%  14 9
1,720,435,329 212,044,756 212,037,162 12.3% 12.3% 212,048,154 212,040,343 2.2%  14 10
3,408,161,132 456,133,154 423,849,584 13.4% 12.4% 456,136,554 423,852,765 2.3%  14 11
6,783,990,280 1,692,676,197 847,474,880 25.0% 12.5% 1,692,679,608 847,478,062 2.3%  14 12
