_D___refs _D1__misses _LLd_misses _D1__miss_rate _LLd_miss_rate _LL_refs _LL_misses _LL_miss_rate  Row Col
872,915 17,951 10,091 2.1% 1.2% 21,085 12,855 0.4%  1 1
867,415 17,956 10,095 2.1% 1.2% 21,092 12,861 0.4%  1 2
868,597 17,938 10,077 2.1% 1.2% 21,098 12,857 0.4%  1 3
870,171 17,941 10,080 2.1% 1.2% 21,099 12,859 0.4%  1 4
873,416 17,952 10,086 2.1% 1.2% 21,103 12,864 0.4%  1 5
880,014 17,972 10,098 2.0% 1.1% 21,132 12,879 0.4%  1 6
892,831 18,010 10,123 2.0% 1.1% 21,161 12,901 0.4%  1 7
918,700 18,080 10,171 2.0% 1.1% 21,255 12,953 0.3%  1 8
970,321 18,225 10,267 1.9% 1.1% 21,391 13,046 0.3%  1 9
1,073,527 20,582 10,459 1.9% 1.0% 23,775 13,241 0.3%  1 10
1,279,888 93,977 10,843 7.3% 0.8% 97,213 13,624 0.2%  1 11
1,692,684 230,565 11,611 13.6% 0.7% 233,799 14,395 0.2%  1 12
2,518,134 436,912 13,147 17.4% 0.5% 440,156 15,930 0.1%  1 13
4,168,613 849,881 16,166 20.4% 0.4% 853,091 18,958 0.1%  1 14
7,469,986 1,675,225 22,384 22.4% 0.3% 1,678,428 25,172 0.1%  1 15
14,072,644 3,325,913 34,672 23.6% 0.2% 3,329,102 37,457 0.0%  1 16
27,278,158 6,627,289 59,248 24.3% 0.2% 6,630,476 62,032 0.0%  1 17
868,624 17,956 10,095 2.1% 1.2% 21,092 12,861 0.4%  2 1
875,776 17,955 10,093 2.1% 1.2% 21,113 12,873 0.4%  2 2
871,399 17,966 10,096 2.1% 1.2% 21,122 12,874 0.4%  2 3
874,651 17,971 10,101 2.1% 1.2% 21,127 12,880 0.4%  2 4
881,245 17,982 10,111 2.0% 1.1% 21,138 12,891 0.4%  2 5
894,042 18,016 10,131 2.0% 1.1% 21,171 12,910 0.4%  2 6
919,799 18,069 10,172 2.0% 1.1% 21,223 12,952 0.3%  2 7
971,419 18,192 10,252 1.9% 1.1% 21,356 13,030 0.3%  2 8
1,074,464 19,755 10,412 1.8% 1.0% 22,923 13,193 0.3%  2 9
1,280,614 75,628 10,732 5.9% 0.8% 78,859 13,512 0.2%  2 10
1,692,820 147,242 11,372 8.7% 0.7% 150,467 14,154 0.2%  2 11
2,517,187 437,399 12,562 17.4% 0.5% 440,652 15,355 0.1%  2 12
4,165,761 849,555 15,196 20.4% 0.4% 852,787 17,986 0.1%  2 13
7,468,972 1,673,978 20,259 22.4% 0.3% 1,677,178 23,047 0.1%  2 14
14,063,428 3,322,619 30,573 23.6% 0.2% 3,325,805 33,358 0.0%  2 15
27,252,557 6,619,898 51,053 24.3% 0.2% 6,623,080 53,837 0.0%  2 16
53,630,803 13,214,458 92,013 24.6% 0.2% 13,217,635 94,795 0.0%  2 17
872,208 17,938 10,077 2.1% 1.2% 21,098 12,857 0.4%  3 1
873,801 17,966 10,096 2.1% 1.2% 21,122 12,874 0.4%  3 2
882,962 17,968 10,100 2.0% 1.1% 21,118 12,878 0.4%  3 3
889,563 17,985 10,109 2.0% 1.1% 21,135 12,888 0.4%  3 4
902,358 18,013 10,127 2.0% 1.1% 21,168 12,907 0.4%  3 5
928,108 18,062 10,163 1.9% 1.1% 21,220 12,944 0.3%  3 6
979,663 18,169 10,236 1.9% 1.0% 21,325 13,015 0.3%  3 7
1,082,682 18,515 10,380 1.7% 1.0% 21,683 13,160 0.3%  3 8
1,288,659 75,568 10,668 5.9% 0.8% 78,785 13,449 0.2%  3 9
1,700,718 127,430 11,244 7.5% 0.7% 130,655 14,026 0.2%  3 10
2,518,420 257,554 12,326 10.2% 0.5% 260,767 15,118 0.1%  3 11
4,166,185 850,365 14,704 20.4% 0.4% 853,622 17,497 0.1%  3 12
7,461,433 1,674,163 19,312 22.4% 0.3% 1,677,396 22,101 0.1%  3 13
14,051,710 3,322,170 28,452 23.6% 0.2% 3,325,356 31,236 0.0%  3 14
27,232,654 6,617,402 46,958 24.3% 0.2% 6,620,587 49,742 0.0%  3 15
53,594,505 13,207,865 83,822 24.6% 0.2% 13,211,047 86,605 0.0%  3 16
106,318,207 26,388,793 157,550 24.8% 0.1% 26,391,972 160,333 0.0%  3 17
878,558 17,940 10,080 2.0% 1.1% 21,090 12,857 0.4%  4 1
881,853 17,971 10,101 2.0% 1.1% 21,125 12,880 0.4%  4 2
894,370 17,984 10,109 2.0% 1.1% 21,140 12,890 0.4%  4 3
907,165 18,008 10,127 2.0% 1.1% 21,154 12,905 0.4%  4 4
932,898 18,059 10,161 1.9% 1.1% 21,214 12,942 0.3%  4 5
984,451 18,161 10,229 1.8% 1.0% 21,314 13,008 0.3%  4 6
1,087,362 18,519 10,365 1.7% 1.0% 21,668 13,143 0.3%  4 7
1,293,347 67,523 10,637 5.2% 0.8% 70,737 13,418 0.2%  4 8
1,705,149 127,390 11,181 7.5% 0.7% 130,592 13,962 0.2%  4 9
2,522,718 231,074 12,199 9.2% 0.5% 234,276 14,989 0.1%  4 10
4,169,843 480,066 14,449 11.5% 0.3% 483,276 17,241 0.1%  4 11
7,464,167 1,676,860 18,801 22.5% 0.3% 1,680,105 21,590 0.1%  4 12
14,052,444 3,323,956 27,505 23.7% 0.2% 3,327,171 30,290 0.0%  4 13
27,229,264 6,618,555 44,837 24.3% 0.2% 6,621,730 47,619 0.0%  4 14
53,582,934 13,206,971 79,727 24.6% 0.1% 13,210,151 82,511 0.0%  4 15
106,290,240 26,383,802 149,359 24.8% 0.1% 26,386,978 152,142 0.0%  4 16
211,705,185 52,737,466 288,623 24.9% 0.1% 52,740,640 291,407 0.0%  4 17
891,427 17,953 10,086 2.0% 1.1% 21,110 12,866 0.4%  5 1
898,038 17,983 10,111 2.0% 1.1% 21,139 12,891 0.4%  5 2
916,764 18,014 10,127 2.0% 1.1% 21,171 12,907 0.3%  5 3
942,491 18,061 10,161 1.9% 1.1% 21,216 12,942 0.3%  5 4
994,046 18,154 10,227 1.8% 1.0% 21,307 13,006 0.3%  5 5
1,096,919 19,857 10,359 1.8% 0.9% 23,001 13,135 0.3%  5 6
1,302,819 58,219 10,623 4.5% 0.8% 61,419 13,402 0.2%  5 7
1,714,631 127,533 11,151 7.4% 0.7% 130,735 13,932 0.2%  5 8
2,532,042 231,121 12,137 9.1% 0.5% 234,311 14,928 0.1%  5 9
4,178,927 438,480 14,323 10.5% 0.3% 441,687 17,115 0.1%  5 10
7,472,618 925,479 18,547 12.4% 0.2% 928,678 21,335 0.1%  5 11
14,060,052 3,329,859 26,995 23.7% 0.2% 3,333,091 29,781 0.0%  5 12
27,234,801 6,623,549 43,891 24.3% 0.2% 6,626,764 46,676 0.0%  5 13
53,584,342 13,211,325 77,607 24.7% 0.1% 13,214,505 80,391 0.0%  5 14
106,283,442 26,386,109 145,265 24.8% 0.1% 26,389,284 148,049 0.0%  5 15
211,682,032 52,735,676 280,433 24.9% 0.1% 52,738,857 283,219 0.0%  5 16
422,478,568 105,434,812 550,812 25.0% 0.1% 105,437,991 553,613 0.0%  5 17
917,214 17,972 10,098 2.0% 1.1% 21,132 12,879 0.3%  6 1
930,035 18,016 10,131 1.9% 1.1% 21,171 12,910 0.3%  6 2
961,690 18,062 10,163 1.9% 1.1% 21,218 12,944 0.3%  6 3
1,013,244 18,161 10,229 1.8% 1.0% 21,314 13,008 0.3%  6 4
1,116,109 20,041 10,359 1.8% 0.9% 23,192 13,137 0.3%  6 5
1,321,989 56,505 10,619 4.3% 0.8% 59,705 13,398 0.2%  6 6
1,733,694 127,903 11,139 7.4% 0.6% 131,091 13,919 0.2%  6 7
2,551,125 231,464 12,109 9.1% 0.5% 234,654 14,900 0.1%  6 8
4,197,837 438,370 14,263 10.4% 0.3% 441,560 17,054 0.1%  6 9
7,491,322 852,383 18,423 11.4% 0.2% 855,581 21,211 0.1%  6 10
14,078,106 1,810,853 26,743 12.9% 0.2% 1,814,041 29,528 0.0%  6 11
27,252,020 6,635,844 43,383 24.3% 0.2% 6,639,074 46,169 0.0%  6 12
53,599,488 13,222,718 76,663 24.7% 0.1% 13,225,931 79,448 0.0%  6 13
106,294,468 26,396,864 143,147 24.8% 0.1% 26,400,041 145,931 0.0%  6 14
211,684,861 52,744,384 276,341 24.9% 0.1% 52,747,566 279,128 0.0%  6 15
422,465,002 105,439,423 542,618 25.0% 0.1% 105,442,602 545,417 0.0%  6 16
844,026,041 210,829,503 105,956,398 25.0% 12.6% 210,832,698 105,959,392 2.3%  6 17
968,438 18,010 10,123 1.9% 1.0% 21,167 12,903 0.3%  7 1
994,192 18,070 10,172 1.8% 1.0% 21,218 12,950 0.3%  7 2
1,051,651 18,170 10,236 1.7% 1.0% 21,318 13,013 0.3%  7 3
1,154,568 18,537 10,365 1.6% 0.9% 21,688 13,143 0.3%  7 4
1,360,415 59,399 10,623 4.4% 0.8% 62,599 13,402 0.2%  7 5
1,772,109 128,695 11,139 7.3% 0.6% 131,883 13,919 0.2%  7 6
2,589,427 232,233 12,101 9.0% 0.5% 235,409 14,892 0.1%  7 7
4,236,151 439,120 14,239 10.4% 0.3% 442,310 17,030 0.1%  7 8
7,529,464 852,872 18,367 11.3% 0.2% 856,050 21,154 0.1%  7 9
14,116,025 1,680,415 26,623 11.9% 0.2% 1,683,600 29,408 0.0%  7 10
27,289,302 3,595,620 43,135 13.2% 0.2% 3,598,804 45,920 0.0%  7 11
53,635,883 13,247,816 76,159 24.7% 0.1% 13,251,040 78,944 0.0%  7 12
106,328,833 26,421,061 142,207 24.8% 0.1% 26,424,269 144,992 0.0%  7 13
211,715,086 52,767,948 274,227 24.9% 0.1% 52,771,132 277,014 0.0%  7 14
422,487,079 105,460,940 538,522 25.0% 0.1% 105,464,123 541,321 0.0%  7 15
844,031,707 210,846,923 105,940,823 25.0% 12.6% 210,850,120 105,943,821 2.3%  7 16
1,687,119,680 421,618,891 211,863,383 25.0% 12.6% 421,622,084 211,866,380 2.3%  7 17
1,071,135 18,079 10,171 1.7% 0.9% 21,253 12,952 0.3%  8 1
1,122,669 18,189 10,252 1.6% 0.9% 21,352 13,029 0.3%  8 2
1,231,524 18,527 10,380 1.5% 0.8% 21,694 13,159 0.2%  8 3
1,437,383 70,210 10,637 4.9% 0.7% 73,416 13,415 0.2%  8 4
1,849,063 130,302 11,151 7.0% 0.6% 133,503 13,931 0.2%  8 5
2,666,378 233,837 12,109 8.8% 0.5% 237,027 14,900 0.1%  8 6
4,312,998 440,702 14,239 10.2% 0.3% 443,885 17,028 0.1%  8 7
7,606,336 854,420 18,351 11.2% 0.2% 857,600 21,138 0.1%  8 8
14,192,727 1,681,875 26,575 11.9% 0.2% 1,685,041 29,360 0.0%  8 9
27,365,784 3,336,804 43,023 12.2% 0.2% 3,339,990 45,808 0.0%  8 10
53,711,771 7,162,543 75,919 13.3% 0.1% 7,165,728 78,704 0.0%  8 11
106,403,780 26,471,763 141,711 24.9% 0.1% 26,474,981 144,496 0.0%  8 12
211,788,029 52,817,744 273,295 24.9% 0.1% 52,820,960 276,083 0.0%  8 13
422,555,877 105,510,106 536,389 25.0% 0.1% 105,513,290 539,187 0.0%  8 14
844,092,287 210,894,042 105,934,245 25.0% 12.6% 210,897,238 105,937,245 2.3%  8 15
1,687,163,901 421,661,913 211,848,613 25.0% 12.6% 421,665,111 211,851,613 2.3%  8 16
3,373,306,885 843,197,657 423,677,349 25.0% 12.6% 843,200,852 423,680,347 2.3%  8 17
1,276,360 18,225 10,267 1.4% 0.8% 21,392 13,045 0.2%  9 1
1,379,307 19,965 10,412 1.4% 0.8% 23,130 13,190 0.2%  9 2
1,591,095 81,416 10,668 5.1% 0.7% 84,632 13,448 0.2%  9 3
2,002,781 133,527 11,181 6.7% 0.6% 136,726 13,961 0.1%  9 4
2,820,091 237,060 12,137 8.4% 0.4% 240,250 14,928 0.1%  9 5
4,466,695 443,912 14,263 9.9% 0.3% 447,102 17,054 0.1%  9 6
7,759,914 857,622 18,367 11.1% 0.2% 860,802 21,154 0.1%  9 7
14,346,327 1,685,044 26,575 11.7% 0.2% 1,688,210 29,360 0.0%  9 8
27,519,202 3,339,892 42,991 12.1% 0.2% 3,343,054 45,775 0.0%  9 9
53,864,975 6,649,633 75,823 12.3% 0.1% 6,652,817 78,608 0.0%  9 10
106,556,392 14,289,024 141,487 13.4% 0.1% 14,292,206 144,272 0.0%  9 11
211,939,689 52,919,668 272,815 25.0% 0.1% 52,922,896 275,603 0.0%  9 12
422,705,522 105,611,118 535,473 25.0% 0.1% 105,614,332 538,272 0.0%  9 13
844,237,816 210,994,424 105,933,307 25.0% 12.5% 210,997,620 105,936,307 2.3%  9 14
1,687,301,201 421,760,248 211,843,653 25.0% 12.6% 421,763,443 211,846,652 2.3%  9 15
 9 16
6,745,681,138 1,686,355,191 847,305,285 25.0% 12.6% 1,686,358,399 847,308,285 2.3%  9 17
1,686,812 21,297 10,459 1.3% 0.6% 24,490 13,238 0.2%  10 1
1,892,680 88,270 10,732 4.7% 0.6% 91,503 13,511 0.1%  10 2
2,310,293 139,991 11,244 6.1% 0.5% 143,217 14,025 0.1%  10 3
3,127,614 243,519 12,199 7.8% 0.4% 246,733 14,991 0.1%  10 4
4,774,213 450,375 14,323 9.4% 0.3% 453,589 17,115 0.1%  10 5
8,067,402 864,074 18,423 10.7% 0.2% 867,277 21,211 0.0%  10 6
14,653,710 1,691,482 26,623 11.5% 0.2% 1,694,672 29,408 0.0%  10 7
27,826,609 3,346,296 43,023 12.0% 0.2% 3,349,485 45,808 0.0%  10 8
54,172,202 6,655,928 75,823 12.3% 0.1% 6,659,117 78,608 0.0%  10 9
106,863,408 13,275,234 141,423 12.4% 0.1% 13,278,419 144,206 0.0%  10 10
212,246,118 28,541,763 272,623 13.4% 0.1% 28,544,961 275,411 0.0%  10 11
 10 12
844,541,303 211,197,872 105,937,699 25.0% 12.5% 211,201,108 105,940,714 2.3%  10 13
1,687,600,597 421,963,066 211,845,947 25.0% 12.6% 421,966,270 211,848,946 2.3%  10 14
3,373,718,969 843,492,665 423,662,469 25.0% 12.6% 843,495,868 423,665,469 2.3%  10 15
6,745,955,867 1,686,551,864 847,295,365 25.0% 12.6% 1,686,555,073 847,298,361 2.3%  10 16
13,490,429,560 3,372,670,265 1,694,561,157 25.0% 12.6% 3,372,673,479 1,694,564,156 2.3%  10 17
2,507,604 101,195 10,843 4.0% 0.4% 104,440 13,624 0.1%  11 1
2,919,291 152,920 11,372 5.2% 0.4% 156,152 14,153 0.1%  11 2
3,742,514 256,445 12,326 6.9% 0.3% 259,666 15,118 0.1%  11 3
5,389,125 463,295 14,449 8.6% 0.3% 466,513 17,241 0.1%  11 4
8,682,315 876,998 18,547 10.1% 0.2% 880,205 21,335 0.0%  11 5
15,268,595 1,704,395 26,743 11.2% 0.2% 1,707,589 29,528 0.0%  11 6
28,441,389 3,359,194 43,135 11.8% 0.2% 3,362,386 45,920 0.0%  11 7
54,787,004 6,668,792 75,919 12.2% 0.1% 6,671,985 78,704 0.0%  11 8
107,478,024 13,287,992 141,487 12.4% 0.1% 13,291,178 144,272 0.0%  11 9
212,860,522 26,526,436 272,623 12.5% 0.1% 26,529,635 275,411 0.0%  11 10
423,624,939 57,047,255 534,897 13.5% 0.1% 57,050,502 537,697 0.0%  11 11
845,154,139 211,607,094 105,949,611 25.0% 12.5% 211,610,340 105,952,649 2.3%  11 12
1,688,211,426 422,371,376 211,856,803 25.0% 12.5% 422,374,615 211,859,817 2.3%  11 13
3,374,325,703 843,900,345 423,671,227 25.0% 12.6% 843,903,550 423,674,226 2.3%  11 14
6,746,554,430 1,686,957,497 847,300,101 25.0% 12.6% 1,686,960,717 847,303,101 2.3%  11 15
13,491,011,722 3,373,071,801 1,694,557,701 25.0% 12.6% 3,373,075,019 1,694,560,700 2.3%  11 16
26,979,926,161 6,745,300,409 3,389,072,901 25.0% 12.6% 6,745,303,627 3,389,075,900 2.3%  11 17
4,149,073 178,769 11,611 4.3% 0.3% 182,001 14,391 0.1%  12 1
4,972,478 282,201 12,562 5.7% 0.3% 285,465 15,355 0.1%  12 2
6,619,070 489,166 14,704 7.4% 0.2% 492,425 17,496 0.0%  12 3
9,912,173 902,863 18,801 9.1% 0.2% 906,098 21,587 0.0%  12 4
16,498,540 1,730,264 26,995 10.5% 0.2% 1,733,502 29,781 0.0%  12 5
29,671,301 3,385,052 43,383 11.4% 0.1% 3,388,280 46,167 0.0%  12 6
56,016,768 6,694,632 76,159 12.0% 0.1% 6,697,862 78,944 0.0%  12 7
108,707,817 13,313,798 141,711 12.2% 0.1% 13,317,022 144,496 0.0%  12 8
214,090,112 26,552,134 272,815 12.4% 0.1% 26,555,366 275,603 0.0%  12 9
424,854,200 53,028,849 535,025 12.5% 0.1% 53,032,085 537,824 0.0%  12 10
846,382,945 114,058,208 105,974,955 13.5% 12.5% 114,061,454 105,977,993 2.3%  12 11
1,689,439,200 423,190,322 211,881,635 25.0% 12.5% 423,193,560 211,884,650 2.3%  12 12
3,375,551,475 844,718,386 423,695,011 25.0% 12.6% 844,721,623 423,698,024 2.3%  12 13
6,747,776,189 1,687,774,921 847,321,799 25.0% 12.6% 1,687,778,185 847,324,842 2.3%  12 14
13,492,225,279 3,373,887,178 1,694,575,377 25.0% 12.6% 3,373,890,438 1,694,578,419 2.3%  12 15
26,981,123,318 6,746,111,689 3,389,082,385 25.0% 12.6% 6,746,114,943 3,389,085,422 2.3%  12 16
53,958,919,423 13,490,560,713 6,778,096,401 25.0% 12.6% 13,490,563,975 6,778,099,444 2.3%  12 17
7,432,139 333,916 13,147 4.5% 0.2% 337,152 15,924 0.0%  13 1
9,078,557 540,757 15,196 6.0% 0.2% 543,970 17,979 0.0%  13 2
12,371,753 954,564 19,312 7.7% 0.2% 957,783 22,097 0.0%  13 3
18,958,136 1,781,959 27,505 9.4% 0.1% 1,785,180 30,290 0.0%  13 4
32,130,877 3,436,751 43,891 10.7% 0.1% 3,439,963 46,674 0.0%  13 5
58,476,371 6,746,323 76,663 11.5% 0.1% 6,749,540 79,448 0.0%  13 6
111,167,338 13,365,474 142,207 12.0% 0.1% 13,368,688 144,992 0.0%  13 7
216,549,644 26,603,776 273,295 12.3% 0.1% 26,606,994 276,083 0.0%  13 8
427,313,557 53,080,384 535,473 12.4% 0.1% 53,083,604 538,272 0.0%  13 9
848,842,098 106,033,643 106,026,449 12.5% 12.5% 106,036,880 106,029,464 2.3%  13 10
1,691,897,813 228,080,078 211,932,835 13.5% 12.5% 228,083,315 211,935,849 2.3%  13 11
3,378,009,073 846,356,786 423,745,699 25.1% 12.5% 846,360,024 423,748,713 2.3%  13 12
6,750,231,606 1,689,412,401 847,371,426 25.0% 12.6% 1,689,415,647 847,374,438 2.3%  13 13
13,494,676,737 3,375,523,646 1,694,622,893 25.0% 12.6% 3,375,526,906 1,694,625,918 2.3%  13 14
26,983,566,546 6,747,746,496 3,389,125,893 25.0% 12.6% 6,747,749,736 3,389,128,900 2.3%  13 15
53,961,346,269 13,492,191,423 6,778,131,717 25.0% 12.6% 13,492,194,666 6,778,134,724 2.3%  13 16
     simulation.     
13,997,805 644,384 16,166 4.6% 0.1% 647,577 18,951 0.0%  14 1
17,296,967 1,058,082 20,259 6.1% 0.1% 1,061,272 23,044 0.0%  14 2
23,877,379 1,885,475 28,452 7.9% 0.1% 1,888,660 31,234 0.0%  14 3
37,050,160 3,540,261 44,837 9.6% 0.1% 3,543,449 47,621 0.0%  14 4
63,395,640 6,849,833 77,607 10.8% 0.1% 6,853,021 80,391 0.0%  14 5
116,086,570 13,468,976 143,147 11.6% 0.1% 13,472,159 145,931 0.0%  14 6
221,468,774 26,707,268 274,227 12.1% 0.1% 26,710,451 277,012 0.0%  14 7
432,232,705 53,183,842 536,389 12.3% 0.1% 53,187,032 539,187 0.0%  14 8
853,761,073 106,136,992 106,129,726 12.4% 12.4% 106,140,196 106,132,726 2.3%  14 9
1,696,816,579 212,043,519 212,036,253 12.5% 12.5% 212,046,725 212,039,253 2.3%  14 10
3,382,927,326 456,123,888 423,848,634 13.5% 12.5% 456,127,095 423,851,633 2.3%  14 11
6,755,148,965 1,692,690,121 847,473,862 25.1% 12.5% 1,692,693,383 847,476,905 2.3%  14 12
13,499,591,881 3,378,800,832 1,694,724,282 25.0% 12.6% 3,378,804,074 1,694,727,289 2.3%  14 13
26,988,477,577 6,751,022,255 3,389,225,136 25.0% 12.6% 6,751,025,473 3,389,228,137 2.3%  14 14
53,966,249,067 13,495,465,135 6,778,226,864 25.0% 12.6% 13,495,468,350 6,778,229,862 2.3%  14 15
     simulation.     
789,897 17,034 9,695 2.2% 1.2% 19,389 11,938 0.4%  14 17
27,129,587 1,264,928 22,384 4.7% 0.1% 1,268,121 25,169 0.0%  15 1
33,721,910 2,092,323 30,573 6.2% 0.1% 2,095,515 33,358 0.0%  15 2
46,888,749 3,747,107 46,958 8.0% 0.1% 3,750,296 49,742 0.0%  15 3
73,234,098 7,056,677 79,727 9.6% 0.1% 7,059,858 82,511 0.0%  15 4
125,925,140 13,675,817 145,265 10.9% 0.1% 13,678,998 148,049 0.0%  15 5
231,307,354 26,914,096 276,341 11.6% 0.1% 26,917,284 279,128 0.0%  15 6
442,071,157 53,390,660 538,513 12.1% 0.1% 53,393,849 541,312 0.0%  15 7
863,599,529 106,343,778 106,336,583 12.3% 12.3% 106,346,980 106,339,583 2.2%  15 8
1,706,654,878 212,250,016 212,242,824 12.4% 12.4% 212,253,217 212,245,823 2.3%  15 9
3,392,765,372 424,062,719 424,055,527 12.5% 12.5% 424,065,925 424,058,527 2.3%  15 10
6,764,986,422 912,211,440 847,680,260 13.5% 12.5% 912,214,660 847,683,260 2.3%  15 11
