_D___refs _D1__misses _LLd_misses _D1__miss_rate _LLd_miss_rate _LL_refs _LL_misses _LL_miss_rate  Row Col
1,741,937 17,859 9,939 1.0% 0.6% 21,186 12,809 0.1%  1 1
1,843,186 17,853 9,939 1.0% 0.5% 21,183 12,816 0.1%  1 2
1,766,999 17,859 9,941 1.0% 0.6% 21,203 12,826 0.1%  1 3
1,300,777 17,857 9,944 1.4% 0.8% 21,199 12,828 0.2%  1 4
1,429,001 17,868 9,950 1.3% 0.7% 21,214 12,837 0.2%  1 5
1,612,270 17,897 9,962 1.1% 0.6% 21,244 12,850 0.1%  1 6
2,124,221 17,936 9,987 0.8% 0.5% 21,285 12,876 0.1%  1 7
1,899,095 18,025 10,035 0.9% 0.5% 21,391 12,929 0.1%  1 8
2,091,622 18,223 10,131 0.9% 0.5% 21,569 13,023 0.1%  1 9
2,240,761 18,752 10,323 0.8% 0.5% 22,113 13,211 0.1%  1 10
1,639,898 19,776 10,707 1.2% 0.7% 23,204 13,595 0.1%  1 11
1,630,532 21,758 11,475 1.3% 0.7% 25,163 14,362 0.1%  1 12
1,883,069 25,344 13,011 1.3% 0.7% 28,757 15,900 0.1%  1 13
1,615,760 32,505 16,010 2.0% 1.0% 35,893 18,903 0.2%  1 14
1,315,934 46,837 22,228 3.6% 1.7% 50,222 25,120 0.4%  1 15
1,414,761 75,515 34,516 5.3% 2.4% 78,905 37,406 0.5%  1 16
2,654,178 132,852 59,092 5.0% 2.2% 136,223 61,983 0.4%  1 17
1,550,655 17,855 9,939 1.2% 0.6% 21,186 12,813 0.1%  2 1
2,685,382 17,852 9,941 0.7% 0.4% 21,189 12,832 0.1%  2 2
1,926,949 17,857 9,942 0.9% 0.5% 21,198 12,824 0.1%  2 3
1,354,030 17,860 9,947 1.3% 0.7% 21,199 12,830 0.2%  2 4
2,008,583 17,886 9,957 0.9% 0.5% 21,218 12,843 0.1%  2 5
1,789,230 17,919 9,977 1.0% 0.6% 21,262 12,864 0.1%  2 6
1,471,870 17,998 10,018 1.2% 0.7% 21,345 12,905 0.2%  2 7
1,661,736 18,140 10,098 1.1% 0.6% 21,490 12,981 0.1%  2 8
2,320,472 18,556 10,258 0.8% 0.4% 21,894 13,143 0.1%  2 9
1,919,296 19,417 10,578 1.0% 0.6% 22,772 13,462 0.1%  2 10
2,047,895 20,915 11,218 1.0% 0.5% 24,308 14,105 0.1%  2 11
2,374,578 24,873 12,426 1.0% 0.5% 28,254 15,323 0.1%  2 12
2,223,953 31,532 15,060 1.4% 0.7% 34,946 17,955 0.1%  2 13
2,400,017 44,837 20,107 1.9% 0.8% 48,209 22,997 0.1%  2 14
2,571,286 71,456 30,421 2.8% 1.2% 74,833 33,313 0.2%  2 15
1,869,656 124,701 50,901 6.7% 2.7% 128,081 53,789 0.5%  2 16
3,497,789 231,201 91,861 6.6% 2.6% 234,576 94,753 0.4%  2 17
1,786,525 17,854 9,941 1.0% 0.6% 21,198 12,828 0.1%  3 1
1,602,305 17,859 9,942 1.1% 0.6% 21,193 12,821 0.1%  3 2
951,470 17,858 9,948 1.9% 1.0% 21,203 12,834 0.3%  3 3
1,340,104 17,891 9,957 1.3% 0.7% 21,241 12,844 0.2%  3 4
2,015,093 17,918 9,975 0.9% 0.5% 21,263 12,864 0.1%  3 5
1,371,181 17,974 10,011 1.3% 0.7% 21,320 12,900 0.2%  3 6
1,851,497 18,126 10,084 1.0% 0.5% 21,455 12,970 0.1%  3 7
1,155,660 18,461 10,228 1.6% 0.9% 21,813 13,113 0.2%  3 8
2,150,545 19,237 10,516 0.9% 0.5% 22,578 13,404 0.1%  3 9
1,883,246 20,461 11,092 1.1% 0.6% 23,873 13,979 0.1%  3 10
2,267,701 23,086 12,170 1.0% 0.5% 26,462 15,065 0.1%  3 11
2,269,878 31,024 14,548 1.4% 0.6% 34,396 17,442 0.1%  3 12
1,544,637 43,833 19,156 2.8% 1.2% 47,245 22,049 0.2%  3 13
1,803,227 69,428 28,298 3.9% 1.6% 72,815 31,187 0.3%  3 14
2,172,741 120,627 46,804 5.6% 2.2% 124,008 49,692 0.4%  3 15
2,408,190 223,019 83,668 9.3% 3.5% 226,391 86,557 0.6%  3 16
3,223,377 427,823 157,396 13.3% 4.9% 431,211 160,284 0.9%  3 17
1,685,574 17,852 9,944 1.1% 0.6% 21,194 12,828 0.1%  4 1
1,927,569 17,856 9,947 0.9% 0.5% 21,185 12,831 0.1%  4 2
1,310,608 17,886 9,957 1.4% 0.8% 21,229 12,844 0.2%  4 3
2,185,923 17,907 9,975 0.8% 0.5% 21,239 12,862 0.1%  4 4
2,020,507 17,971 10,009 0.9% 0.5% 21,312 12,896 0.1%  4 5
1,746,694 18,102 10,077 1.0% 0.6% 21,441 12,959 0.1%  4 6
1,432,535 18,403 10,213 1.3% 0.7% 21,738 13,094 0.2%  4 7
2,056,745 19,218 10,485 0.9% 0.5% 22,572 13,373 0.1%  4 8
1,663,025 20,316 11,029 1.2% 0.7% 23,704 13,915 0.1%  4 9
2,059,480 22,555 12,043 1.1% 0.6% 25,925 14,938 0.1%  4 10
1,765,260 27,339 14,293 1.5% 0.8% 30,724 17,188 0.2%  4 11
2,379,657 43,349 18,645 1.8% 0.8% 46,733 21,539 0.1%  4 12
1,821,582 68,435 27,349 3.8% 1.5% 71,847 30,243 0.3%  4 13
2,208,407 118,611 44,683 5.4% 2.0% 121,994 47,572 0.4%  4 14
2,374,601 218,962 79,573 9.2% 3.4% 222,351 82,462 0.6%  4 15
3,549,328 419,666 149,205 11.8% 4.2% 423,042 152,094 0.7%  4 16
4,971,035 821,070 288,469 16.5% 5.8% 824,447 291,357 1.0%  4 17
2,564,877 17,876 9,950 0.7% 0.4% 21,209 12,838 0.1%  5 1
2,216,074 17,881 9,957 0.8% 0.4% 21,211 12,842 0.1%  5 2
1,802,526 17,915 9,975 1.0% 0.6% 21,259 12,862 0.1%  5 3
1,932,908 17,968 10,009 0.9% 0.5% 21,302 12,897 0.1%  5 4
1,888,944 18,085 10,075 1.0% 0.5% 21,414 12,961 0.1%  5 5
1,443,631 18,378 10,207 1.3% 0.7% 21,716 13,088 0.2%  5 6
1,528,426 19,109 10,471 1.3% 0.7% 22,452 13,355 0.1%  5 7
1,689,096 20,254 10,999 1.2% 0.7% 23,639 13,885 0.1%  5 8
1,996,233 22,431 11,981 1.1% 0.6% 25,797 14,874 0.1%  5 9
2,242,603 26,657 14,167 1.2% 0.6% 30,029 17,061 0.1%  5 10
1,634,795 35,719 18,391 2.2% 1.1% 39,104 21,286 0.2%  5 11
1,573,140 67,993 26,839 4.3% 1.7% 71,377 29,730 0.3%  5 12
1,773,862 117,656 43,735 6.6% 2.5% 121,066 46,626 0.5%  5 13
2,270,623 216,985 77,453 9.6% 3.4% 220,370 80,342 0.6%  5 14
3,354,892 415,641 145,111 12.4% 4.3% 419,031 148,001 0.8%  5 15
4,886,827 812,942 280,279 16.6% 5.7% 816,330 283,167 1.0%  5 16
7,676,512 1,607,574 550,647 20.9% 7.2% 1,610,944 553,547 1.3%  5 17
1,803,680 17,898 9,962 1.0% 0.6% 21,240 12,849 0.1%  6 1
2,095,489 17,918 9,977 0.9% 0.5% 21,260 12,863 0.1%  6 2
1,749,274 17,980 10,011 1.0% 0.6% 21,330 12,900 0.1%  6 3
2,326,375 18,094 10,077 0.8% 0.4% 21,426 12,964 0.1%  6 4
1,912,668 18,387 10,207 1.0% 0.5% 21,724 13,090 0.1%  6 5
1,757,106 19,161 10,467 1.1% 0.6% 22,493 13,348 0.1%  6 6
2,608,896 20,238 10,987 0.8% 0.4% 23,597 13,870 0.1%  6 7
1,722,934 22,361 11,953 1.3% 0.7% 25,706 14,844 0.1%  6 8
1,755,520 26,522 14,107 1.5% 0.8% 29,887 17,000 0.2%  6 9
2,115,505 34,844 18,267 1.6% 0.9% 38,212 21,158 0.2%  6 10
2,049,816 52,807 26,587 2.6% 1.3% 56,192 29,481 0.2%  6 11
2,181,102 117,264 43,227 5.4% 2.0% 120,649 46,121 0.4%  6 12
2,294,994 216,088 76,507 9.4% 3.3% 219,502 79,401 0.6%  6 13
3,329,576 413,717 142,993 12.4% 4.3% 417,113 145,884 0.8%  6 14
4,177,508 808,982 276,187 19.4% 6.6% 812,377 279,080 1.3%  6 15
8,204,263 1,599,499 542,457 19.5% 6.6% 1,602,869 545,356 1.2%  6 16
14,076,587 3,180,559 2,140,857 22.6% 15.2% 3,183,931 2,144,020 2.8%  6 17
1,782,788 17,932 9,987 1.0% 0.6% 21,277 12,876 0.1%  7 1
1,998,101 18,002 10,018 0.9% 0.5% 21,341 12,905 0.1%  7 2
1,749,058 18,135 10,084 1.0% 0.6% 21,474 12,966 0.1%  7 3
2,564,305 18,409 10,213 0.7% 0.4% 21,741 13,100 0.1%  7 4
1,416,665 19,088 10,471 1.3% 0.7% 22,424 13,351 0.2%  7 5
2,408,858 20,233 10,987 0.8% 0.5% 23,591 13,871 0.1%  7 6
2,127,179 22,342 11,945 1.1% 0.6% 25,692 14,837 0.1%  7 7
2,233,929 26,481 14,083 1.2% 0.6% 29,825 16,973 0.1%  7 8
2,161,613 34,737 18,211 1.6% 0.8% 38,097 21,104 0.2%  7 9
1,886,271 51,249 26,467 2.7% 1.4% 54,632 29,358 0.3%  7 10
2,195,400 86,900 42,979 4.0% 2.0% 90,289 45,873 0.3%  7 11
2,798,535 215,844 76,003 7.7% 2.7% 219,218 78,897 0.5%  7 12
3,305,653 412,967 142,051 12.5% 4.3% 416,366 144,944 0.8%  7 13
5,339,224 807,199 274,073 15.1% 5.1% 810,584 276,967 0.9%  7 14
8,359,353 1,595,683 538,360 19.1% 6.4% 1,599,054 541,259 1.2%  7 15
14,183,758 3,172,634 1,862,351 22.4% 13.1% 3,176,004 1,865,515 2.4%  7 16
27,078,283 6,326,555 3,713,758 23.4% 13.7% 6,329,928 3,716,924 2.5%  7 17
1,691,154 18,021 10,035 1.1% 0.6% 21,381 12,925 0.1%  8 1
1,980,118 18,140 10,098 0.9% 0.5% 21,479 12,983 0.1%  8 2
1,228,483 18,450 10,228 1.5% 0.8% 21,798 13,109 0.2%  8 3
2,029,761 19,119 10,485 0.9% 0.5% 22,450 13,366 0.1%  8 4
1,894,136 20,256 10,999 1.1% 0.6% 23,637 13,883 0.1%  8 5
2,118,252 22,357 11,953 1.1% 0.6% 25,723 14,846 0.1%  8 6
1,778,856 26,472 14,083 1.5% 0.8% 29,835 16,976 0.2%  8 7
1,539,253 34,695 18,195 2.3% 1.2% 38,062 21,090 0.2%  8 8
2,575,414 51,138 26,419 2.0% 1.0% 54,492 29,316 0.2%  8 9
2,554,838 84,046 42,867 3.3% 1.7% 87,418 45,761 0.3%  8 10
2,551,128 155,154 75,763 6.1% 3.0% 158,544 78,660 0.5%  8 11
2,575,222 412,866 141,555 16.0% 5.5% 416,261 144,451 1.1%  8 12
5,143,366 806,694 273,139 15.7% 5.3% 810,106 276,039 0.9%  8 13
8,685,799 1,594,157 536,236 18.4% 6.2% 1,597,527 539,134 1.1%  8 14
13,981,078 3,169,073 1,854,183 22.7% 13.3% 3,172,444 1,857,350 2.5%  8 15
27,388,165 6,318,888 4,221,676 23.1% 15.4% 6,322,258 4,224,842 2.8%  8 16
52,096,820 12,618,541 8,432,424 24.2% 16.2% 12,621,914 8,435,590 3.0%  8 17
1,935,054 18,216 10,131 0.9% 0.5% 21,567 13,016 0.1%  9 1
1,659,545 18,545 10,258 1.1% 0.6% 21,892 13,140 0.1%  9 2
1,524,954 19,226 10,516 1.3% 0.7% 22,575 13,398 0.2%  9 3
2,258,731 20,219 11,029 0.9% 0.5% 23,584 13,911 0.1%  9 4
2,003,973 22,428 11,981 1.1% 0.6% 25,794 14,874 0.1%  9 5
1,773,797 26,519 14,107 1.5% 0.8% 29,882 16,999 0.2%  9 6
2,407,801 34,732 18,211 1.4% 0.8% 38,079 21,103 0.1%  9 7
2,687,400 51,138 26,419 1.9% 1.0% 54,491 29,315 0.2%  9 8
2,128,372 83,982 42,835 3.9% 2.0% 87,347 45,728 0.4%  9 9
3,298,985 149,646 75,667 4.5% 2.3% 153,023 78,563 0.4%  9 10
2,768,539 291,178 141,331 10.5% 5.1% 294,573 144,227 1.0%  9 11
4,736,943 807,246 272,659 17.0% 5.8% 810,651 275,559 1.1%  9 12
8,149,734 1,594,189 535,318 19.6% 6.6% 1,597,589 538,222 1.2%  9 13
14,528,296 3,168,072 2,112,220 21.8% 14.5% 3,171,445 2,115,388 2.7%  9 14
27,314,199 6,315,848 3,689,277 23.1% 13.5% 6,319,223 3,692,445 2.5%  9 15
52,212,110 12,611,402 8,416,111 24.2% 16.1% 12,614,772 8,419,277 3.0%  9 16
102,237,892 25,202,508 16,821,101 24.7% 16.5% 25,205,873 16,824,268 3.1%  9 17
1,287,563 18,735 10,323 1.5% 0.8% 22,105 13,205 0.2%  10 1
2,259,284 19,379 10,578 0.9% 0.5% 22,735 13,460 0.1%  10 2
1,548,238 20,448 11,092 1.3% 0.7% 23,853 13,976 0.2%  10 3
1,913,461 22,555 12,043 1.2% 0.6% 25,937 14,937 0.1%  10 4
2,179,372 26,654 14,167 1.2% 0.7% 30,026 17,060 0.1%  10 5
1,994,984 34,847 18,267 1.7% 0.9% 38,211 21,158 0.2%  10 6
3,275,671 51,251 26,467 1.6% 0.8% 54,626 29,361 0.1%  10 7
2,515,206 84,042 42,867 3.3% 1.7% 87,431 45,764 0.3%  10 8
2,651,496 149,647 75,667 5.6% 2.9% 153,022 78,561 0.5%  10 9
3,739,301 280,841 141,268 7.5% 3.8% 284,236 144,163 0.6%  10 10
4,275,042 563,524 272,468 13.2% 6.4% 566,934 275,368 1.2%  10 11
7,981,881 1,595,787 534,871 20.0% 6.7% 1,599,169 537,774 1.2%  10 12
14,019,412 3,168,977 1,848,227 22.6% 13.2% 3,172,384 1,851,405 2.5%  10 13
26,512,536 6,315,909 4,209,507 23.8% 15.9% 6,319,292 4,212,675 3.0%  10 14
52,274,778 12,609,423 8,408,051 24.1% 16.1% 12,612,805 8,411,219 3.0%  10 15
102,997,427 25,196,427 16,804,848 24.5% 16.3% 25,199,801 16,808,015 3.0%  10 16
202,828,917 50,370,450 33,598,447 24.8% 16.6% 50,373,824 33,601,613 3.1%  10 17
2,110,522 19,596 10,707 0.9% 0.5% 23,028 13,593 0.1%  11 1
1,858,601 20,706 11,218 1.1% 0.6% 24,118 14,099 0.1%  11 2
2,236,089 22,804 12,170 1.0% 0.5% 26,183 15,065 0.1%  11 3
2,133,229 26,904 14,293 1.3% 0.7% 30,293 17,187 0.1%  11 4
2,066,713 35,103 18,391 1.7% 0.9% 38,496 21,285 0.2%  11 5
2,215,860 51,477 26,587 2.3% 1.2% 54,854 29,480 0.2%  11 6
2,002,328 84,273 42,979 4.2% 2.1% 87,659 45,873 0.4%  11 7
2,471,196 149,828 75,763 6.1% 3.1% 153,219 78,658 0.5%  11 8
3,722,668 280,973 141,331 7.5% 3.8% 284,356 144,227 0.6%  11 9
5,308,246 543,243 272,468 10.2% 5.1% 546,641 275,368 0.9%  11 10
8,092,581 1,108,232 534,743 13.7% 6.6% 1,111,613 537,644 1.2%  11 11
14,880,272 3,172,883 1,847,462 21.3% 12.4% 3,176,314 1,850,659 2.3%  11 12
27,776,161 6,319,117 4,207,795 22.8% 15.1% 6,322,529 4,210,974 2.8%  11 13
52,615,108 12,611,280 8,404,123 24.0% 16.0% 12,614,666 8,407,293 3.0%  11 14
102,948,024 25,196,565 16,796,899 24.5% 16.3% 25,199,945 16,800,066 3.0%  11 15
203,345,611 50,366,481 33,582,319 24.8% 16.5% 50,369,859 33,585,485 3.1%  11 16
404,642,609 100,706,327 67,153,136 24.9% 16.6% 100,709,703 67,156,302 3.1%  11 17
1,636,530 21,231 11,475 1.3% 0.7% 24,640 14,361 0.1%  12 1
2,004,895 23,324 12,426 1.2% 0.6% 26,716 15,321 0.1%  12 2
1,758,797 27,410 14,548 1.6% 0.8% 30,800 17,442 0.2%  12 3
2,229,583 35,613 18,645 1.6% 0.8% 38,984 21,538 0.2%  12 4
2,492,288 52,002 26,839 2.1% 1.1% 55,381 29,733 0.2%  12 5
2,614,765 84,764 43,227 3.2% 1.7% 88,138 46,120 0.3%  12 6
3,052,753 150,328 76,003 4.9% 2.5% 153,703 78,897 0.4%  12 7
3,087,391 281,425 141,555 9.1% 4.6% 284,821 144,451 0.8%  12 8
5,478,510 543,637 272,659 9.9% 5.0% 547,022 275,554 0.9%  12 9
8,257,432 1,068,052 534,871 12.9% 6.5% 1,071,436 537,774 1.2%  12 10
14,821,191 2,197,654 1,847,464 14.8% 12.5% 2,201,091 1,850,664 2.3%  12 11
26,883,327 6,327,057 3,682,991 23.5% 13.7% 6,330,473 3,686,174 2.5%  12 12
52,096,579 12,619,025 8,402,671 24.2% 16.1% 12,622,437 8,405,850 3.0%  12 13
102,652,442 25,202,965 16,793,250 24.6% 16.4% 25,206,346 16,796,418 3.1%  12 14
202,830,347 50,370,834 33,574,639 24.8% 16.6% 50,374,210 33,577,805 3.1%  12 15
405,383,339 100,706,578 67,137,263 24.8% 16.6% 100,709,956 67,140,430 3.1%  12 16
807,124,750 201,378,080 134,262,516 25.0% 16.6% 201,381,460 134,265,683 3.1%  12 17
1,906,507 24,357 13,011 1.3% 0.7% 27,767 15,896 0.1%  13 1
2,432,374 28,440 15,060 1.2% 0.6% 31,844 17,955 0.1%  13 2
2,649,917 36,636 19,156 1.4% 0.7% 40,036 22,049 0.1%  13 3
2,617,985 53,020 27,349 2.0% 1.0% 56,423 30,243 0.2%  13 4
2,181,880 85,787 43,735 3.9% 2.0% 89,186 46,628 0.4%  13 5
2,264,996 151,327 76,507 6.7% 3.4% 154,739 79,402 0.6%  13 6
3,080,334 282,429 142,051 9.2% 4.6% 285,847 144,943 0.8%  13 7
4,961,258 544,582 273,139 11.0% 5.5% 547,998 276,040 1.0%  13 8
8,751,887 1,068,948 535,318 12.2% 6.1% 1,072,349 538,222 1.1%  13 9
14,641,485 2,117,652 2,110,377 14.5% 14.4% 2,121,062 2,113,555 2.6%  13 10
26,824,123 4,376,462 4,207,790 16.3% 15.7% 4,379,874 4,210,969 2.9%  13 11
52,398,998 12,635,406 8,402,671 24.1% 16.0% 12,638,817 8,405,849 3.0%  13 12
103,534,972 25,218,828 16,792,299 24.4% 16.2% 25,222,230 16,795,477 3.0%  13 13
203,807,122 50,385,694 33,571,567 24.7% 16.5% 50,389,101 33,574,750 3.1%  13 14
404,518,296 100,719,006 67,130,108 24.9% 16.6% 100,722,408 67,133,283 3.1%  13 15
807,781,044 201,386,552 134,247,165 24.9% 16.6% 201,389,956 134,250,342 3.1%  13 16
2,435,634 30,484 16,010 1.3% 0.7% 33,874 18,904 0.1%  14 1
1,757,463 38,680 20,107 2.2% 1.1% 42,072 22,999 0.2%  14 2
2,263,316 55,064 28,298 2.4% 1.3% 58,441 31,188 0.2%  14 3
2,560,469 87,832 44,683 3.4% 1.7% 91,203 47,571 0.3%  14 4
2,842,643 153,367 77,453 5.4% 2.7% 156,740 80,343 0.5%  14 5
3,156,399 284,438 142,993 9.0% 4.5% 287,833 145,884 0.8%  14 6
4,729,262 546,607 274,073 11.6% 5.8% 550,002 276,962 1.1%  14 7
7,819,034 1,070,927 536,236 13.7% 6.9% 1,074,303 539,134 1.3%  14 8
14,358,864 2,119,572 1,587,929 14.8% 11.1% 2,122,948 1,591,099 2.0%  14 9
27,575,300 4,216,853 4,209,517 15.3% 15.3% 4,220,237 4,212,685 2.8%  14 10
52,173,131 8,734,109 8,404,131 16.7% 16.1% 8,737,495 8,407,298 3.0%  14 11
103,198,484 25,252,115 16,793,254 24.5% 16.3% 25,255,495 16,796,421 3.0%  14 12
202,964,157 50,418,452 33,571,488 24.8% 16.5% 50,421,855 33,574,663 3.1%  14 13
404,122,971 100,751,121 67,127,974 24.9% 16.6% 100,754,501 67,131,142 3.1%  14 14
807,377,269 201,416,470 134,240,940 24.9% 16.6% 201,419,849 134,244,109 3.1%  14 15
789,985 17,040 9,695 2.2% 1.2% 19,395 11,938 0.4%  14 17
1,963,873 42,768 22,228 2.2% 1.1% 46,161 25,121 0.2%  15 1
1,976,542 59,160 30,421 3.0% 1.5% 62,552 33,311 0.3%  15 2
2,394,603 91,929 46,804 3.8% 2.0% 95,318 49,695 0.3%  15 3
2,626,425 157,461 79,573 6.0% 3.0% 160,847 82,461 0.5%  15 4
3,779,059 288,539 145,111 7.6% 3.8% 291,919 148,002 0.7%  15 5
4,947,286 550,689 276,187 11.1% 5.6% 554,079 279,076 1.0%  15 6
9,161,280 1,075,001 538,355 11.7% 5.9% 1,078,376 541,254 1.0%  15 7
14,809,254 2,123,603 1,854,187 14.3% 12.5% 2,126,977 1,857,354 2.3%  15 8
27,385,765 4,220,817 3,689,272 15.4% 13.5% 4,224,193 3,692,440 2.5%  15 9
53,481,787 8,415,252 8,408,053 15.7% 15.7% 8,418,636 8,411,221 2.9%  15 10
103,218,551 17,449,365 16,796,912 16.9% 16.3% 17,452,744 16,800,079 3.0%  15 11
202,911,212 50,485,354 33,574,640 24.9% 16.5% 50,488,730 33,577,806 3.1%  15 12
404,370,113 100,817,446 67,130,102 24.9% 16.6% 100,820,851 67,133,280 3.1%  15 13
807,828,255 201,481,998 134,240,928 24.9% 16.6% 201,485,383 134,244,101 3.1%  15 14
789,981 17,040 9,695 2.2% 1.2% 19,395 11,938 0.4%  15 16
950,365 37,693 30,294 4.0% 3.2% 40,102 32,583 0.8%  15 17
2,583,786 67,341 34,516 2.6% 1.3% 70,718 37,408 0.2%  16 1
2,025,718 100,113 50,901 4.9% 2.5% 103,500 53,790 0.5%  16 2
3,469,897 165,659 83,668 4.8% 2.4% 169,033 86,557 0.4%  16 3
3,610,895 296,732 149,205 8.2% 4.1% 300,127 152,095 0.7%  16 4
5,290,433 558,878 280,279 10.6% 5.3% 562,269 283,167 0.9%  16 5
8,925,125 1,083,167 542,453 12.1% 6.1% 1,086,542 545,352 1.1%  16 6
14,576,130 2,131,757 2,114,081 14.6% 14.5% 2,135,128 2,117,245 2.7%  16 7
27,041,392 4,228,942 4,221,682 15.6% 15.6% 4,232,320 4,224,850 2.9%  16 8
52,275,910 8,423,313 8,416,111 16.1% 16.1% 8,426,689 8,419,277 3.0%  16 9
103,006,300 16,812,054 16,804,849 16.3% 16.3% 16,815,427 16,808,014 3.0%  16 10
204,404,836 34,879,957 33,582,317 17.1% 16.4% 34,883,335 33,585,483 3.1%  16 11
404,598,174 100,952,223 67,137,251 25.0% 16.6% 100,955,606 67,140,422 3.1%  16 12
808,110,937 201,615,645 134,247,164 24.9% 16.6% 201,619,051 134,250,341 3.1%  16 13
789,981 17,040 9,695 2.2% 1.2% 19,395 11,938 0.4%  16 15
1,337,417 35,354 27,048 2.6% 2.0% 37,765 29,339 0.4%  16 16
1,077,551 43,546 35,240 4.0% 3.3% 45,957 37,531 0.7%  16 17
3,595,319 116,495 59,092 3.2% 1.6% 119,868 61,983 0.3%  17 1
3,583,004 182,038 91,861 5.1% 2.6% 185,416 94,753 0.4%  17 2
4,097,896 313,114 157,396 7.6% 3.8% 316,493 160,285 0.7%  17 3
6,153,499 575,260 288,469 9.3% 4.7% 578,640 291,357 0.8%  17 4
8,712,456 1,099,555 550,645 12.6% 6.3% 1,102,928 553,545 1.1%  17 5
15,439,847 2,148,124 1,878,710 13.9% 12.2% 2,151,498 1,881,873 2.2%  17 6
28,027,952 4,245,299 4,238,039 15.1% 15.1% 4,248,670 4,241,203 2.8%  17 7
53,060,580 8,439,630 8,432,429 15.9% 15.9% 8,443,005 8,435,595 3.0%  17 8
103,363,184 16,828,308 16,821,102 16.3% 16.3% 16,831,678 16,824,269 3.0%  17 9
203,737,092 33,605,653 33,598,448 16.5% 16.5% 33,609,027 33,601,614 3.1%  17 10
405,726,984 69,741,213 67,153,145 17.2% 16.6% 69,744,595 67,156,315 3.1%  17 11
807,784,352 201,884,981 134,262,518 25.0% 16.6% 201,888,358 134,265,685 3.1%  17 12
789,985 17,040 9,695 2.2% 1.2% 19,395 11,938 0.4%  17 14
1,182,454 37,692 30,294 3.2% 2.6% 40,101 32,583 0.5%  17 15
1,098,572 41,788 34,390 3.8% 3.1% 44,197 36,679 0.7%  17 16
1,077,860 51,736 43,432 4.8% 4.0% 54,147 45,723 0.9%  17 17
