_D___refs _D1__misses _LLd_misses _D1__miss_rate _LLd_miss_rate _LL_refs _LL_misses _LL_miss_rate  Row Col
25,214,839 17,752 9,880 0.1% 0.0% 21,052 12,746 0.0%  1 1
21,926,124 17,754 9,880 0.1% 0.0% 21,067 12,757 0.0%  1 2
24,359,380 17,763 9,883 0.1% 0.0% 21,090 12,772 0.0%  1 3
24,619,162 17,758 9,886 0.1% 0.0% 21,088 12,777 0.0%  1 4
26,418,925 17,775 9,892 0.1% 0.0% 21,101 12,782 0.0%  1 5
22,820,718 17,796 9,904 0.1% 0.0% 21,124 12,795 0.0%  1 6
22,198,190 17,836 9,929 0.1% 0.0% 21,163 12,818 0.0%  1 7
24,429,015 17,930 9,977 0.1% 0.0% 21,270 12,871 0.0%  1 8
22,673,853 18,102 10,073 0.1% 0.0% 21,439 12,964 0.0%  1 9
24,155,818 19,545 10,265 0.1% 0.0% 22,910 13,157 0.0%  1 10
26,355,319 95,577 10,649 0.4% 0.0% 98,994 13,543 0.0%  1 11
23,906,307 231,560 11,417 1.0% 0.0% 234,962 14,311 0.0%  1 12
26,018,276 437,903 12,953 1.7% 0.0% 441,303 15,846 0.0%  1 13
31,323,597 850,858 15,951 2.7% 0.1% 854,237 18,848 0.0%  1 14
31,747,391 1,676,184 22,169 5.3% 0.1% 1,679,563 25,066 0.0%  1 15
38,669,552 3,326,881 34,457 8.6% 0.1% 3,330,257 37,352 0.0%  1 16
49,875,096 6,628,250 59,033 13.3% 0.1% 6,631,620 61,926 0.0%  1 17
25,160,134 17,757 9,880 0.1% 0.0% 21,076 12,759 0.0%  2 1
27,974,299 17,756 9,882 0.1% 0.0% 21,081 12,770 0.0%  2 2
28,593,700 17,756 9,885 0.1% 0.0% 21,082 12,772 0.0%  2 3
21,908,501 17,773 9,890 0.1% 0.0% 21,103 12,779 0.0%  2 4
21,678,255 17,794 9,900 0.1% 0.0% 21,126 12,790 0.0%  2 5
24,222,372 17,824 9,920 0.1% 0.0% 21,154 12,810 0.0%  2 6
22,855,047 17,891 9,961 0.1% 0.0% 21,216 12,848 0.0%  2 7
22,599,761 18,045 10,041 0.1% 0.0% 21,379 12,929 0.0%  2 8
22,655,565 18,448 10,201 0.1% 0.0% 21,775 13,087 0.0%  2 9
24,560,830 71,865 10,521 0.3% 0.0% 75,223 13,409 0.0%  2 10
24,791,326 151,955 11,161 0.6% 0.0% 155,347 14,050 0.0%  2 11
26,495,717 438,345 12,368 1.7% 0.0% 441,720 15,265 0.0%  2 12
29,008,824 850,520 15,002 2.9% 0.1% 853,919 17,899 0.0%  2 13
34,140,693 1,674,914 20,048 4.9% 0.1% 1,678,290 22,945 0.0%  2 14
31,162,766 3,323,570 30,362 10.7% 0.1% 3,326,944 33,257 0.0%  2 15
45,815,312 6,620,845 50,842 14.5% 0.1% 6,624,214 53,735 0.0%  2 16
76,214,794 13,215,416 91,802 17.3% 0.1% 13,218,784 94,691 0.0%  2 17
25,693,031 17,765 9,883 0.1% 0.0% 21,094 12,772 0.0%  3 1
23,559,213 17,756 9,885 0.1% 0.0% 21,083 12,774 0.0%  3 2
22,778,778 17,771 9,889 0.1% 0.0% 21,100 12,780 0.0%  3 3
22,759,864 17,792 9,898 0.1% 0.0% 21,118 12,788 0.0%  3 4
23,973,272 17,823 9,916 0.1% 0.0% 21,153 12,808 0.0%  3 5
24,790,729 17,869 9,952 0.1% 0.0% 21,194 12,841 0.0%  3 6
26,281,858 18,011 10,025 0.1% 0.0% 21,335 12,912 0.0%  3 7
23,439,572 18,384 10,169 0.1% 0.0% 21,717 13,059 0.0%  3 8
28,868,672 70,801 10,457 0.2% 0.0% 74,135 13,349 0.0%  3 9
23,637,978 128,344 11,033 0.5% 0.0% 131,738 13,925 0.0%  3 10
22,820,511 262,480 12,111 1.2% 0.1% 265,860 15,009 0.0%  3 11
25,546,941 851,300 14,489 3.3% 0.1% 854,677 17,387 0.0%  3 12
33,605,615 1,675,110 19,097 5.0% 0.1% 1,678,513 21,995 0.0%  3 13
37,980,457 3,323,069 28,241 8.7% 0.1% 3,326,442 31,134 0.0%  3 14
47,579,527 6,618,294 46,747 13.9% 0.1% 6,621,660 49,638 0.0%  3 15
74,010,651 13,208,777 83,611 17.8% 0.1% 13,212,146 86,498 0.0%  3 16
131,167,786 26,389,721 157,339 20.1% 0.1% 26,393,091 160,226 0.0%  3 17
23,303,171 17,757 9,886 0.1% 0.0% 21,088 12,777 0.0%  4 1
23,357,944 17,770 9,890 0.1% 0.0% 21,093 12,777 0.0%  4 2
22,474,867 17,794 9,898 0.1% 0.0% 21,121 12,788 0.0%  4 3
23,004,662 17,819 9,916 0.1% 0.0% 21,140 12,806 0.0%  4 4
21,111,341 17,867 9,950 0.1% 0.0% 21,189 12,839 0.0%  4 5
22,490,049 17,982 10,018 0.1% 0.0% 21,297 12,903 0.0%  4 6
25,045,936 18,307 10,154 0.1% 0.0% 21,624 13,039 0.0%  4 7
22,706,658 64,352 10,426 0.3% 0.0% 67,682 13,316 0.0%  4 8
23,290,181 128,296 10,970 0.6% 0.0% 131,661 13,861 0.0%  4 9
24,480,373 231,961 11,984 0.9% 0.0% 235,340 14,882 0.0%  4 10
26,607,585 485,981 14,234 1.8% 0.1% 489,355 17,130 0.0%  4 11
29,352,714 1,677,810 18,586 5.7% 0.1% 1,681,190 21,484 0.0%  4 12
34,991,896 3,324,896 27,290 9.5% 0.1% 3,328,297 30,186 0.0%  4 13
49,226,169 6,619,461 44,626 13.4% 0.1% 6,622,827 47,517 0.0%  4 14
73,192,471 13,207,878 79,516 18.0% 0.1% 13,211,245 82,404 0.0%  4 15
132,308,018 26,384,714 149,148 19.9% 0.1% 26,388,085 152,035 0.0%  4 16
237,001,341 52,738,396 288,412 22.3% 0.1% 52,741,771 291,302 0.0%  4 17
23,789,984 17,777 9,892 0.1% 0.0% 21,110 12,784 0.0%  5 1
23,131,822 17,796 9,900 0.1% 0.0% 21,122 12,788 0.0%  5 2
23,603,954 17,826 9,916 0.1% 0.0% 21,158 12,808 0.0%  5 3
21,396,046 17,869 9,950 0.1% 0.0% 21,185 12,837 0.0%  5 4
23,860,452 17,981 10,016 0.1% 0.0% 21,302 12,903 0.0%  5 5
23,817,694 18,282 10,148 0.1% 0.0% 21,600 13,033 0.0%  5 6
24,307,957 60,027 10,412 0.2% 0.0% 63,343 13,297 0.0%  5 7
24,608,480 128,055 10,940 0.5% 0.0% 131,421 13,831 0.0%  5 8
22,759,255 232,057 11,922 1.0% 0.1% 235,406 14,819 0.0%  5 9
25,824,264 439,046 14,108 1.7% 0.1% 442,422 17,006 0.0%  5 10
31,121,423 920,796 18,332 3.0% 0.1% 924,174 21,230 0.0%  5 11
35,651,104 3,330,796 26,780 9.3% 0.1% 3,334,173 29,676 0.0%  5 12
49,473,570 6,624,496 43,676 13.4% 0.1% 6,627,894 46,570 0.0%  5 13
73,907,859 13,212,224 77,396 17.9% 0.1% 13,215,595 80,287 0.0%  5 14
131,112,785 26,387,021 145,054 20.1% 0.1% 26,390,391 147,942 0.0%  5 15
235,564,023 52,736,584 280,222 22.4% 0.1% 52,739,959 283,112 0.0%  5 16
444,412,012 105,435,777 550,594 23.7% 0.1% 105,439,168 553,500 0.0%  5 17
25,340,052 17,796 9,904 0.1% 0.0% 21,125 12,795 0.0%  6 1
26,845,283 17,819 9,920 0.1% 0.0% 21,149 12,810 0.0%  6 2
24,732,631 17,868 9,952 0.1% 0.0% 21,194 12,841 0.0%  6 3
23,611,249 17,979 10,018 0.1% 0.0% 21,300 12,905 0.0%  6 4
25,297,612 18,278 10,148 0.1% 0.0% 21,594 13,033 0.0%  6 5
20,277,981 58,581 10,408 0.3% 0.1% 61,897 13,293 0.0%  6 6
21,741,387 127,681 10,928 0.6% 0.1% 131,034 13,815 0.0%  6 7
24,861,631 232,407 11,894 0.9% 0.0% 235,758 14,791 0.0%  6 8
30,009,064 439,318 14,048 1.5% 0.0% 442,669 16,945 0.0%  6 9
29,766,787 853,138 18,208 2.9% 0.1% 856,514 21,106 0.0%  6 10
34,609,197 1,820,876 26,528 5.3% 0.1% 1,824,253 29,424 0.0%  6 11
50,417,319 6,636,788 43,168 13.2% 0.1% 6,640,165 46,064 0.0%  6 12
76,933,939 13,222,876 76,448 17.2% 0.1% 13,226,280 79,342 0.0%  6 13
130,531,959 26,397,789 142,936 20.2% 0.1% 26,401,158 145,824 0.0%  6 14
234,336,243 52,745,306 276,130 22.5% 0.1% 52,748,680 279,021 0.0%  6 15
444,528,161 105,440,345 542,408 23.7% 0.1% 105,443,736 545,312 0.0%  6 16
869,056,718 210,830,447 99,460,918 24.3% 11.4% 210,833,839 99,464,094 2.1%  6 17
24,277,630 17,836 9,929 0.1% 0.0% 21,166 12,822 0.0%  7 1
26,180,465 17,884 9,961 0.1% 0.0% 21,205 12,848 0.0%  7 2
24,551,401 18,002 10,025 0.1% 0.0% 21,326 12,912 0.0%  7 3
25,505,779 18,314 10,154 0.1% 0.0% 21,631 13,039 0.0%  7 4
22,422,637 61,309 10,412 0.3% 0.0% 64,625 13,297 0.0%  7 5
22,566,395 128,946 10,928 0.6% 0.0% 132,297 13,815 0.0%  7 6
24,343,373 233,164 11,886 1.0% 0.0% 236,504 14,782 0.0%  7 7
24,206,104 440,055 14,024 1.8% 0.1% 443,407 16,921 0.0%  7 8
28,729,426 853,825 18,152 3.0% 0.1% 857,177 21,049 0.0%  7 9
34,775,951 1,681,366 26,408 4.8% 0.1% 1,684,735 29,302 0.0%  7 10
46,640,335 3,603,987 42,920 7.7% 0.1% 3,607,361 45,816 0.0%  7 11
71,202,465 13,248,366 75,944 18.6% 0.1% 13,251,738 78,835 0.0%  7 12
128,694,827 26,422,016 141,992 20.5% 0.1% 26,425,417 144,883 0.0%  7 13
233,198,136 52,768,871 274,016 22.6% 0.1% 52,772,244 276,905 0.0%  7 14
444,395,673 105,461,769 538,303 23.7% 0.1% 105,465,162 541,206 0.0%  7 15
868,591,223 210,847,336 99,949,462 24.3% 11.5% 210,850,728 99,952,642 2.1%  7 16
1,711,700,887 421,619,769 211,864,123 24.6% 12.4% 421,623,156 211,867,300 2.2%  7 17
20,896,000 17,928 9,977 0.1% 0.0% 21,266 12,867 0.0%  8 1
21,606,452 18,041 10,041 0.1% 0.0% 21,371 12,925 0.0%  8 2
24,921,027 18,342 10,169 0.1% 0.0% 21,670 13,055 0.0%  8 3
21,954,932 67,560 10,426 0.3% 0.0% 70,892 13,314 0.0%  8 4
24,732,289 130,177 10,940 0.5% 0.0% 133,540 13,827 0.0%  8 5
27,293,478 234,798 11,894 0.9% 0.0% 238,150 14,791 0.0%  8 6
29,946,979 441,665 14,024 1.5% 0.0% 445,017 16,921 0.0%  8 7
33,172,201 855,382 18,136 2.6% 0.1% 858,735 21,036 0.0%  8 8
37,537,002 1,682,868 26,360 4.5% 0.1% 1,686,221 29,259 0.0%  8 9
50,406,780 3,337,774 42,808 6.6% 0.1% 3,341,153 45,707 0.0%  8 10
79,570,456 7,167,966 75,704 9.0% 0.1% 7,171,343 78,601 0.0%  8 11
127,701,713 26,472,608 141,496 20.7% 0.1% 26,475,985 144,390 0.0%  8 12
234,163,904 52,818,240 273,080 22.6% 0.1% 52,821,648 275,977 0.0%  8 13
443,779,077 105,511,059 536,179 23.8% 0.1% 105,514,434 539,082 0.0%  8 14
865,677,948 210,894,618 95,919,584 24.4% 11.1% 210,898,010 95,922,765 2.0%  8 15
1,708,866,515 421,662,466 211,849,269 24.7% 12.4% 421,665,859 211,852,450 2.2%  8 16
3,397,037,624 843,198,448 423,678,092 24.8% 12.5% 843,201,840 423,681,272 2.3%  8 17
22,134,432 18,099 10,073 0.1% 0.0% 21,429 12,960 0.0%  9 1
21,426,752 18,440 10,201 0.1% 0.0% 21,770 13,085 0.0%  9 2
18,640,692 77,138 10,457 0.4% 0.1% 80,471 13,344 0.0%  9 3
22,241,829 132,660 10,970 0.6% 0.0% 136,021 13,857 0.0%  9 4
25,368,564 238,002 11,922 0.9% 0.0% 241,354 14,819 0.0%  9 5
25,746,963 444,846 14,048 1.7% 0.1% 448,197 16,945 0.0%  9 6
28,382,438 858,552 18,152 3.0% 0.1% 861,902 21,049 0.0%  9 7
34,440,539 1,686,005 26,360 4.9% 0.1% 1,689,356 29,259 0.0%  9 8
46,097,758 3,340,865 42,776 7.2% 0.1% 3,344,215 45,674 0.0%  9 9
73,148,564 6,650,572 75,608 9.1% 0.1% 6,653,942 78,500 0.0%  9 10
128,960,580 14,294,205 141,272 11.1% 0.1% 14,297,580 144,166 0.0%  9 11
237,065,068 52,918,329 272,600 22.3% 0.1% 52,921,713 275,497 0.0%  9 12
444,204,083 105,610,946 535,259 23.8% 0.1% 105,614,352 538,167 0.0%  9 13
867,854,797 210,995,349 98,543,801 24.3% 11.4% 210,998,742 98,546,983 2.0%  9 14
1,712,107,106 421,760,865 211,844,398 24.6% 12.4% 421,764,258 211,847,579 2.2%  9 15
3,397,811,171 843,292,891 423,664,969 24.8% 12.5% 843,296,281 423,668,149 2.3%  9 16
6,772,930,962 1,686,356,335 847,306,185 24.9% 12.5% 1,686,359,734 847,309,367 2.3%  9 17
29,281,738 19,874 10,265 0.1% 0.0% 23,231 13,152 0.0%  10 1
23,220,343 81,741 10,521 0.4% 0.0% 85,102 13,407 0.0%  10 2
25,176,992 140,896 11,033 0.6% 0.0% 144,288 13,921 0.0%  10 3
25,910,428 244,466 11,984 0.9% 0.0% 247,838 14,880 0.0%  10 4
30,240,802 451,311 14,108 1.5% 0.0% 454,689 17,006 0.0%  10 5
30,921,300 865,028 18,208 2.8% 0.1% 868,404 21,106 0.0%  10 6
38,198,020 1,692,456 26,408 4.4% 0.1% 1,695,832 29,304 0.0%  10 7
50,464,670 3,347,261 42,808 6.6% 0.1% 3,350,640 45,707 0.0%  10 8
78,660,549 6,656,882 75,608 8.5% 0.1% 6,660,261 78,505 0.0%  10 9
131,875,761 13,276,195 141,208 10.1% 0.1% 13,279,580 144,102 0.0%  10 10
238,457,163 28,547,315 272,408 12.0% 0.1% 28,550,708 275,305 0.0%  10 11
448,258,613 105,815,485 534,811 23.6% 0.1% 105,818,876 537,719 0.0%  10 12
869,495,630 211,197,474 98,840,219 24.3% 11.4% 211,200,899 98,843,414 2.0%  10 13
1,714,930,139 421,963,400 211,846,614 24.6% 12.4% 421,966,796 211,849,795 2.2%  10 14
3,399,063,757 843,492,751 423,663,194 24.8% 12.5% 843,496,144 423,666,375 2.3%  10 15
6,776,157,637 1,686,552,446 847,296,239 24.9% 12.5% 1,686,555,853 847,299,421 2.3%  10 16
13,519,445,629 3,372,670,617 1,694,562,386 24.9% 12.5% 3,372,674,020 1,694,565,567 2.3%  10 17
22,784,122 95,868 10,649 0.4% 0.0% 99,286 13,538 0.0%  11 1
27,210,633 153,803 11,161 0.6% 0.0% 157,198 14,048 0.0%  11 2
28,265,691 257,392 12,111 0.9% 0.0% 260,774 15,009 0.0%  11 3
28,668,203 464,197 14,234 1.6% 0.0% 467,580 17,132 0.0%  11 4
31,471,935 877,969 18,332 2.8% 0.1% 881,351 21,230 0.0%  11 5
36,412,608 1,705,369 26,528 4.7% 0.1% 1,708,750 29,424 0.0%  11 6
50,074,133 3,360,181 42,920 6.7% 0.1% 3,363,560 45,816 0.0%  11 7
76,616,542 6,669,799 75,704 8.7% 0.1% 6,673,179 78,601 0.0%  11 8
131,534,367 13,288,981 141,272 10.1% 0.1% 13,292,362 144,166 0.0%  11 9
239,619,772 26,527,376 272,408 11.1% 0.1% 26,530,771 275,305 0.0%  11 10
447,418,311 57,053,623 534,683 12.8% 0.1% 57,057,013 537,589 0.0%  11 11
867,947,945 211,605,252 95,183,511 24.4% 11.0% 211,608,702 95,186,727 2.0%  11 12
1,713,290,064 422,369,687 211,857,371 24.7% 12.4% 422,373,116 211,860,566 2.2%  11 13
3,403,255,546 843,897,539 423,671,949 24.8% 12.4% 843,900,939 423,675,131 2.3%  11 14
6,774,048,316 1,686,955,958 847,301,106 24.9% 12.5% 1,686,959,368 847,304,288 2.3%  11 15
13,521,410,377 3,373,070,819 1,694,558,948 24.9% 12.5% 3,373,074,228 1,694,562,129 2.3%  11 16
27,010,163,653 6,745,300,123 3,389,074,686 25.0% 12.5% 6,745,303,530 3,389,077,868 2.3%  11 17
23,859,048 179,773 11,417 0.8% 0.0% 183,174 14,307 0.0%  12 1
25,668,941 283,151 12,368 1.1% 0.0% 286,529 15,265 0.0%  12 2
27,828,503 490,097 14,489 1.8% 0.1% 493,479 17,387 0.0%  12 3
29,937,287 903,813 18,586 3.0% 0.1% 907,195 21,484 0.0%  12 4
36,494,182 1,731,202 26,780 4.7% 0.1% 1,734,575 29,674 0.0%  12 5
46,720,011 3,386,008 43,168 7.2% 0.1% 3,389,389 46,065 0.0%  12 6
77,108,889 6,695,582 75,944 8.7% 0.1% 6,698,962 78,838 0.0%  12 7
129,521,059 13,314,775 141,496 10.3% 0.1% 13,318,157 144,390 0.0%  12 8
236,898,672 26,553,121 272,600 11.2% 0.1% 26,556,505 275,497 0.0%  12 9
445,072,081 53,029,861 534,811 11.9% 0.1% 53,033,253 537,719 0.0%  12 10
868,069,513 114,068,518 97,767,366 13.1% 11.3% 114,071,970 97,770,582 2.0%  12 11
1,712,677,901 423,185,625 211,882,324 24.7% 12.4% 423,189,052 211,885,517 2.2%  12 12
3,402,176,009 844,710,232 423,695,756 24.8% 12.5% 844,713,661 423,698,951 2.3%  12 13
6,775,851,623 1,687,766,967 847,322,782 24.9% 12.5% 1,687,770,376 847,325,964 2.3%  12 14
13,521,060,230 3,373,884,393 1,694,576,596 25.0% 12.5% 3,373,887,799 1,694,579,777 2.3%  12 15
27,011,291,145 6,746,107,438 3,389,084,269 25.0% 12.5% 6,746,110,844 3,389,087,450 2.3%  12 16
53,990,730,398 13,490,559,268 6,778,099,189 25.0% 12.6% 13,490,562,676 6,778,102,370 2.3%  12 17
32,165,600 334,931 12,953 1.0% 0.0% 338,329 15,842 0.0%  13 1
34,045,832 541,730 15,002 1.6% 0.0% 545,138 17,901 0.0%  13 2
36,391,782 955,516 19,097 2.6% 0.1% 958,921 21,995 0.0%  13 3
39,314,017 1,782,928 27,290 4.5% 0.1% 1,786,332 30,186 0.0%  13 4
55,690,468 3,437,712 43,676 6.2% 0.1% 3,441,116 46,572 0.0%  13 5
78,583,511 6,747,284 76,448 8.6% 0.1% 6,750,689 79,342 0.0%  13 6
130,332,048 13,366,465 141,992 10.3% 0.1% 13,369,864 144,883 0.0%  13 7
237,419,694 26,604,785 273,080 11.2% 0.1% 26,608,196 275,977 0.0%  13 8
452,683,586 53,081,437 535,259 11.7% 0.1% 53,084,849 538,167 0.0%  13 9
870,887,300 106,034,651 95,448,175 12.2% 11.0% 106,038,082 95,451,371 2.0%  13 10
1,717,008,334 228,091,027 211,933,502 13.3% 12.3% 228,094,457 211,936,697 2.2%  13 11
3,403,418,516 846,343,844 423,746,502 24.9% 12.5% 846,347,273 423,749,697 2.3%  13 12
6,775,402,190 1,689,402,582 847,372,351 24.9% 12.5% 1,689,406,021 847,375,547 2.3%  13 13
13,523,753,775 3,375,518,286 1,694,624,014 25.0% 12.5% 3,375,521,729 1,694,627,214 2.3%  13 14
27,015,530,468 6,747,727,892 3,389,127,699 25.0% 12.5% 6,747,731,322 3,389,130,887 2.3%  13 15
53,994,762,159 13,492,184,711 6,778,134,227 25.0% 12.6% 13,492,188,143 6,778,137,417 2.3%  13 16
     simulation.     
37,085,216 645,341 15,951 1.7% 0.0% 648,723 18,848 0.0%  14 1
39,376,912 1,059,044 20,048 2.7% 0.1% 1,062,424 22,945 0.0%  14 2
47,324,283 1,886,344 28,241 4.0% 0.1% 1,889,722 31,134 0.0%  14 3
59,306,774 3,541,120 44,626 6.0% 0.1% 3,544,495 47,519 0.0%  14 4
86,607,410 6,850,702 77,396 7.9% 0.1% 6,854,076 80,287 0.0%  14 5
138,992,423 13,469,876 142,936 9.7% 0.1% 13,473,243 145,822 0.0%  14 6
246,880,637 26,708,146 274,016 10.8% 0.1% 26,711,527 276,907 0.0%  14 7
454,075,624 53,184,755 536,179 11.7% 0.1% 53,188,134 539,082 0.0%  14 8
876,784,529 106,137,916 88,281,940 12.1% 10.1% 106,141,313 88,285,122 1.8%  14 9
1,719,890,826 212,044,514 212,036,761 12.3% 12.3% 212,047,915 212,039,942 2.2%  14 10
3,409,697,373 456,149,173 423,849,239 13.4% 12.4% 456,152,574 423,852,421 2.3%  14 11
6,783,278,547 1,692,672,099 847,474,699 25.0% 12.5% 1,692,675,506 847,477,881 2.3%  14 12
13,531,463,748 3,378,773,974 1,694,725,623 25.0% 12.5% 3,378,777,408 1,694,728,814 2.3%  14 13
27,020,480,686 6,750,962,577 3,389,227,191 25.0% 12.5% 6,750,965,988 3,389,230,374 2.3%  14 14
53,997,472,341 13,495,406,453 6,778,230,200 25.0% 12.6% 13,495,409,860 6,778,233,381 2.3%  14 15
     simulation.     
790,045 17,044 9,697 2.2% 1.2% 19,399 11,940 0.4%  14 17
49,312,336 1,265,898 22,169 2.6% 0.0% 1,269,279 25,066 0.0%  15 1
57,593,820 2,093,287 30,362 3.6% 0.1% 2,096,663 33,257 0.0%  15 2
69,903,613 3,747,948 46,747 5.4% 0.1% 3,751,322 49,640 0.0%  15 3
93,553,871 7,057,569 79,516 7.5% 0.1% 7,060,946 82,407 0.0%  15 4
151,050,039 13,676,694 145,054 9.1% 0.1% 13,680,067 147,942 0.0%  15 5
256,131,403 26,915,002 276,130 10.5% 0.1% 26,918,381 279,021 0.0%  15 6
464,270,134 53,391,583 538,303 11.5% 0.1% 53,394,959 541,204 0.0%  15 7
886,049,452 106,344,712 94,114,667 12.0% 10.6% 106,348,106 94,117,849 1.9%  15 8
1,732,603,751 212,251,060 212,243,376 12.3% 12.2% 212,254,455 212,246,558 2.2%  15 9
3,419,587,706 424,064,055 424,056,214 12.4% 12.4% 424,067,454 424,059,395 2.2%  15 10
6,790,557,337 912,235,951 847,681,182 13.4% 12.5% 912,239,356 847,684,361 2.3%  15 11
13,534,762,482 3,385,329,947 1,694,931,299 25.0% 12.5% 3,385,333,355 1,694,934,480 2.3%  15 12
27,028,927,030 6,757,547,788 3,389,431,478 25.0% 12.5% 6,757,551,221 3,389,434,669 2.3%  15 13
54,011,396,735 13,501,996,793 6,778,432,157 25.0% 12.6% 13,502,000,200 6,778,435,339 2.3%  15 14
     simulation.     
790,041 17,044 9,697 2.2% 1.2% 19,399 11,940 0.4%  15 16
1,078,586 39,399 31,104 3.7% 2.9% 41,808 33,393 0.6%  15 17
77,490,561 2,506,974 34,457 3.2% 0.0% 2,510,345 37,350 0.0%  16 1
89,442,537 4,161,757 50,842 4.7% 0.1% 4,165,126 53,734 0.0%  16 2
119,639,354 7,471,242 83,611 6.2% 0.1% 7,474,616 86,504 0.0%  16 3
175,651,219 14,090,388 149,148 8.0% 0.1% 14,093,759 152,035 0.0%  16 4
277,487,400 27,328,661 280,222 9.8% 0.1% 27,332,037 283,112 0.0%  16 5
488,594,221 53,805,227 542,404 11.0% 0.1% 53,808,617 545,306 0.0%  16 6
907,785,598 106,758,347 93,813,013 11.8% 10.3% 106,761,740 93,816,193 1.8%  16 7
1,749,826,531 212,664,656 212,657,126 12.2% 12.2% 212,668,048 212,660,306 2.2%  16 8
3,440,108,843 424,477,129 424,469,585 12.3% 12.3% 424,480,525 424,472,767 2.2%  16 9
6,811,440,519 848,102,240 848,094,752 12.5% 12.5% 848,105,649 848,097,934 2.3%  16 10
13,557,446,148 1,824,414,413 1,695,344,465 13.5% 12.5% 1,824,417,816 1,695,347,643 2.3%  16 11
27,048,650,856 6,770,647,618 3,389,843,959 25.0% 12.5% 6,770,651,027 3,389,847,140 2.3%  16 12
54,027,903,420 13,515,103,916 6,778,843,042 25.0% 12.5% 13,515,107,351 6,778,846,232 2.3%  16 13
     simulation.     
790,041 17,044 9,697 2.2% 1.2% 19,399 11,940 0.4%  16 15
886,313 33,532 26,141 3.8% 2.9% 35,939 28,428 0.8%  16 16
1,121,834 43,495 35,201 3.9% 3.1% 45,903 37,489 0.7%  16 17
129,650,265 4,989,163 59,033 3.8% 0.0% 4,992,541 61,927 0.0%  17 1
157,776,863 8,298,756 91,802 5.3% 0.1% 8,302,134 94,697 0.0%  17 2
212,359,674 14,917,761 157,339 7.0% 0.1% 14,921,130 160,226 0.0%  17 3
312,355,610 28,156,085 288,412 9.0% 0.1% 28,159,463 291,302 0.0%  17 4
527,900,523 54,632,629 550,595 10.3% 0.1% 54,636,025 553,501 0.0%  17 5
946,768,544 107,585,745 81,012,386 11.4% 8.6% 107,589,135 81,015,561 1.5%  17 6
1,790,836,030 213,491,964 213,484,550 11.9% 11.9% 213,495,357 213,487,729 2.1%  17 7
3,478,304,384 425,304,449 425,296,934 12.2% 12.2% 425,307,840 425,300,114 2.2%  17 8
6,851,980,036 848,929,376 848,921,823 12.4% 12.4% 848,932,779 848,925,005 2.2%  17 9
13,600,723,304 1,696,179,584 1,696,171,864 12.5% 12.5% 1,696,182,992 1,696,175,045 2.3%  17 10
27,089,100,908 3,648,834,063 3,390,670,964 13.5% 12.5% 3,648,837,469 3,390,674,145 2.3%  17 11
