_D___refs _D1__misses _LLd_misses _D1__miss_rate _LLd_miss_rate _LL_refs _LL_misses _LL_miss_rate  Row Col
786,069 16,672 9,452 2.1% 1.2% 19,485 11,980 0.4%  1 1
786,194 16,676 9,454 2.1% 1.2% 19,501 11,990 0.4%  1 2
786,683 16,681 9,455 2.1% 1.2% 19,518 12,002 0.4%  1 3
787,031 16,685 9,458 2.1% 1.2% 19,521 12,005 0.4%  1 4
787,769 16,694 9,464 2.1% 1.2% 19,532 12,012 0.4%  1 5
789,348 16,705 9,476 2.1% 1.2% 19,536 12,022 0.4%  1 6
792,132 16,730 9,500 2.1% 1.2% 19,560 12,045 0.4%  1 7
797,834 16,788 9,548 2.1% 1.2% 19,636 12,098 0.4%  1 8
809,192 16,915 9,644 2.1% 1.2% 19,760 12,194 0.4%  1 9
831,724 17,182 9,836 2.1% 1.2% 20,040 12,384 0.4%  1 10
876,920 18,349 10,220 2.1% 1.2% 21,246 12,774 0.4%  1 11
966,955 20,447 10,988 2.1% 1.1% 23,345 13,542 0.4%  1 12
1,147,223 24,039 12,524 2.1% 1.1% 26,951 15,078 0.4%  1 13
1,507,523 31,201 15,535 2.1% 1.0% 34,081 18,090 0.4%  1 14
2,228,415 45,537 21,742 2.0% 1.0% 48,417 24,297 0.3%  1 15
3,670,197 74,208 34,030 2.0% 0.9% 77,083 36,583 0.3%  1 16
6,553,799 131,552 58,606 2.0% 0.9% 134,429 61,160 0.3%  1 17
12,320,964 246,240 107,758 2.0% 0.9% 249,122 110,314 0.3%  1 18
786,213 16,676 9,454 2.1% 1.2% 19,500 11,990 0.4%  2 1
786,690 16,680 9,454 2.1% 1.2% 19,516 12,001 0.4%  2 2
787,019 16,681 9,458 2.1% 1.2% 19,515 12,005 0.4%  2 3
787,718 16,689 9,463 2.1% 1.2% 19,528 12,011 0.4%  2 4
789,185 16,705 9,473 2.1% 1.2% 19,528 12,016 0.4%  2 5
791,792 16,723 9,493 2.1% 1.2% 19,554 12,038 0.4%  2 6
797,036 16,771 9,533 2.1% 1.2% 19,603 12,079 0.4%  2 7
807,697 16,874 9,613 2.1% 1.2% 19,720 12,163 0.4%  2 8
828,649 17,087 9,773 2.1% 1.2% 19,931 12,321 0.4%  2 9
870,666 18,071 10,093 2.1% 1.2% 20,929 12,641 0.4%  2 10
954,758 19,455 10,733 2.0% 1.1% 22,353 13,287 0.4%  2 11
1,122,510 23,521 11,950 2.1% 1.1% 26,401 14,506 0.4%  2 12
1,458,449 30,179 14,573 2.1% 1.0% 33,081 17,132 0.3%  2 13
2,130,146 43,490 19,630 2.0% 0.9% 46,369 22,185 0.3%  2 14
3,473,615 70,114 29,933 2.0% 0.9% 72,992 32,486 0.3%  2 15
6,160,621 123,361 50,413 2.0% 0.8% 126,237 52,965 0.3%  2 16
11,534,573 229,857 91,373 2.0% 0.8% 232,734 93,927 0.3%  2 17
22,282,875 442,849 173,293 2.0% 0.8% 445,727 175,848 0.3%  2 18
786,761 16,681 9,455 2.1% 1.2% 19,518 12,002 0.4%  3 1
787,069 16,681 9,458 2.1% 1.2% 19,518 12,005 0.4%  3 2
787,725 16,685 9,461 2.1% 1.2% 19,524 12,009 0.4%  3 3
789,165 16,703 9,470 2.1% 1.2% 19,526 12,013 0.4%  3 4
791,682 16,722 9,488 2.1% 1.2% 19,553 12,033 0.4%  3 5
796,731 16,759 9,524 2.1% 1.2% 19,592 12,070 0.4%  3 6
806,949 16,857 9,596 2.1% 1.2% 19,679 12,138 0.4%  3 7
827,168 17,037 9,740 2.1% 1.2% 19,872 12,285 0.4%  3 8
867,620 17,940 10,028 2.1% 1.2% 20,775 12,573 0.4%  3 9
948,675 19,158 10,604 2.0% 1.1% 22,053 13,156 0.4%  3 10
1,110,285 21,590 11,695 1.9% 1.1% 24,470 14,251 0.4%  3 11
1,433,870 29,677 14,062 2.1% 1.0% 32,557 16,618 0.3%  3 12
2,081,119 42,478 18,670 2.0% 0.9% 45,380 21,229 0.3%  3 13
3,375,398 68,077 27,824 2.0% 0.8% 70,956 30,377 0.3%  3 14
5,964,088 119,277 46,319 2.0% 0.8% 122,154 48,872 0.3%  3 15
11,141,428 221,676 83,183 2.0% 0.7% 224,553 85,737 0.3%  3 16
21,496,235 426,476 156,911 2.0% 0.7% 429,357 159,467 0.3%  3 17
42,205,806 836,076 304,367 2.0% 0.7% 838,951 306,926 0.3%  3 18
787,198 16,685 9,458 2.1% 1.2% 19,519 12,005 0.4%  4 1
787,874 16,689 9,463 2.1% 1.2% 19,528 12,011 0.4%  4 2
789,279 16,702 9,470 2.1% 1.2% 19,533 12,016 0.4%  4 3
791,726 16,721 9,487 2.1% 1.2% 19,547 12,030 0.4%  4 4
796,689 16,758 9,521 2.1% 1.2% 19,588 12,065 0.4%  4 5
806,698 16,844 9,589 2.1% 1.2% 19,673 12,133 0.4%  4 6
826,515 17,022 9,725 2.1% 1.2% 19,849 12,266 0.4%  4 7
866,264 17,699 9,997 2.0% 1.2% 20,541 12,543 0.4%  4 8
945,716 19,032 10,541 2.0% 1.1% 21,911 13,090 0.4%  4 9
1,104,307 21,212 11,568 1.9% 1.0% 24,092 14,122 0.4%  4 10
1,421,745 25,833 13,807 1.8% 1.0% 28,713 16,361 0.3%  4 11
2,056,637 41,983 18,159 2.0% 0.9% 44,863 20,713 0.3%  4 12
3,326,462 67,073 26,863 2.0% 0.8% 69,974 29,418 0.3%  4 13
5,865,946 117,246 44,209 2.0% 0.8% 120,123 46,760 0.3%  4 14
10,944,986 217,598 79,088 2.0% 0.7% 220,474 81,639 0.3%  4 15
21,103,182 418,301 148,720 2.0% 0.7% 421,183 151,274 0.3%  4 16
41,419,534 819,709 287,984 2.0% 0.7% 822,585 290,541 0.3%  4 17
82,051,845 1,622,525 566,559 2.0% 0.7% 1,625,393 569,119 0.3%  4 18
788,149 16,694 9,464 2.1% 1.2% 19,524 12,009 0.4%  5 1
789,556 16,705 9,473 2.1% 1.2% 19,534 12,019 0.4%  5 2
791,987 16,723 9,488 2.1% 1.2% 19,553 12,033 0.4%  5 3
796,882 16,760 9,521 2.1% 1.2% 19,588 12,065 0.4%  5 4
806,811 16,840 9,587 2.1% 1.2% 19,669 12,131 0.4%  5 5
826,454 17,012 9,719 2.1% 1.2% 19,838 12,260 0.4%  5 6
865,719 17,562 9,983 2.0% 1.2% 20,389 12,524 0.4%  5 7
944,523 18,976 10,511 2.0% 1.1% 21,858 13,062 0.4%  5 8
1,101,501 21,087 11,506 1.9% 1.0% 23,954 14,059 0.3%  5 9
1,415,913 25,313 13,681 1.8% 1.0% 28,193 16,235 0.3%  5 10
2,044,649 34,315 17,905 1.7% 0.9% 37,195 20,459 0.3%  5 11
3,302,099 66,594 26,353 2.0% 0.8% 69,473 28,905 0.3%  5 12
5,817,136 116,260 43,249 2.0% 0.7% 119,159 45,804 0.3%  5 13
10,846,979 215,586 76,979 2.0% 0.7% 218,462 79,530 0.3%  5 14
20,906,868 414,242 144,626 2.0% 0.7% 417,121 147,181 0.3%  5 15
41,026,629 811,553 279,794 2.0% 0.7% 814,428 282,351 0.3%  5 16
81,265,736 1,606,177 550,168 2.0% 0.7% 1,609,053 552,726 0.3%  5 17
161,743,966 3,195,425 2,172,859 2.0% 1.3% 3,198,300 2,175,564 0.5%  5 18
790,161 16,705 9,476 2.1% 1.2% 19,537 12,022 0.4%  6 1
792,555 16,723 9,493 2.1% 1.2% 19,545 12,035 0.4%  6 2
797,450 16,759 9,524 2.1% 1.2% 19,591 12,070 0.4%  6 3
807,324 16,845 9,589 2.1% 1.2% 19,675 12,133 0.4%  6 4
826,881 17,011 9,719 2.1% 1.2% 19,838 12,260 0.4%  6 5
865,845 17,518 9,979 2.0% 1.2% 20,343 12,520 0.4%  6 6
944,280 18,947 10,499 2.0% 1.1% 21,814 13,046 0.4%  6 7
1,100,565 21,026 11,478 1.9% 1.0% 23,892 14,031 0.3%  6 8
1,413,404 25,186 13,621 1.8% 1.0% 28,053 16,174 0.3%  6 9
2,039,109 33,507 17,781 1.6% 0.9% 36,388 20,335 0.3%  6 10
3,290,419 51,214 26,101 1.6% 0.8% 54,093 28,653 0.3%  6 11
5,793,103 115,809 42,741 2.0% 0.7% 118,684 45,293 0.3%  6 12
10,798,499 214,627 76,021 2.0% 0.7% 217,529 78,578 0.3%  6 13
20,809,157 412,256 142,519 2.0% 0.7% 415,129 145,071 0.3%  6 14
40,830,629 807,520 275,702 2.0% 0.7% 810,397 278,260 0.3%  6 15
80,873,124 1,598,047 541,967 2.0% 0.7% 1,600,923 544,525 0.2%  6 16
160,958,142 3,179,103 2,140,098 2.0% 1.3% 3,181,977 2,142,805 0.5%  6 17
321,128,066 6,341,215 4,270,018 2.0% 1.3% 6,344,075 4,272,715 0.5%  6 18
793,778 16,730 9,500 2.1% 1.2% 19,560 12,045 0.4%  7 1
798,659 16,771 9,533 2.1% 1.2% 19,604 12,079 0.4%  7 2
808,516 16,856 9,596 2.1% 1.2% 19,684 12,141 0.4%  7 3
828,009 17,022 9,725 2.1% 1.2% 19,849 12,266 0.4%  7 4
866,965 17,521 9,983 2.0% 1.2% 20,347 12,524 0.4%  7 5
945,114 18,946 10,499 2.0% 1.1% 21,814 13,046 0.4%  7 6
1,100,954 21,010 11,470 1.9% 1.0% 23,861 14,022 0.3%  7 7
1,413,093 25,134 13,597 1.8% 1.0% 27,998 16,150 0.3%  7 8
2,037,220 33,393 17,725 1.6% 0.9% 36,256 20,278 0.3%  7 9
3,285,498 49,907 25,981 1.5% 0.8% 52,783 28,533 0.3%  7 10
5,782,040 85,138 42,493 1.5% 0.7% 88,012 45,045 0.3%  7 11
10,775,069 214,249 75,517 2.0% 0.7% 217,123 78,069 0.3%  7 12
20,761,309 411,371 141,565 2.0% 0.7% 414,273 144,126 0.3%  7 13
40,733,535 805,608 273,599 2.0% 0.7% 808,481 276,157 0.3%  7 14
80,677,724 1,594,088 537,873 2.0% 0.7% 1,596,961 540,431 0.2%  7 15
160,566,150 3,171,047 2,123,731 2.0% 1.3% 3,173,917 2,126,437 0.5%  7 16
320,342,892 6,324,967 4,237,267 2.0% 1.3% 6,327,833 4,239,970 0.5%  7 17
639,896,411 12,632,807 8,464,339 2.0% 1.3% 12,635,670 8,467,040 0.5%  7 18
801,117 16,787 9,548 2.1% 1.2% 19,620 12,091 0.4%  8 1
810,966 16,872 9,613 2.1% 1.2% 19,712 12,159 0.4%  8 2
830,383 17,035 9,740 2.1% 1.2% 19,872 12,284 0.4%  8 3
869,377 17,592 9,997 2.0% 1.1% 20,428 12,539 0.4%  8 4
947,421 18,973 10,511 2.0% 1.1% 21,850 13,058 0.4%  8 5
1,103,047 21,024 11,478 1.9% 1.0% 23,888 14,031 0.3%  8 6
1,414,750 25,133 13,597 1.8% 1.0% 27,994 16,150 0.3%  8 7
2,038,198 33,360 17,709 1.6% 0.9% 36,225 20,265 0.3%  8 8
3,284,897 49,806 25,933 1.5% 0.8% 52,661 28,485 0.3%  8 9
5,778,396 82,705 42,381 1.4% 0.7% 85,581 44,936 0.3%  8 10
10,765,285 152,992 75,277 1.4% 0.7% 155,865 77,832 0.3%  8 11
20,739,156 411,127 141,069 2.0% 0.7% 414,009 143,628 0.3%  8 12
40,686,972 804,857 272,653 2.0% 0.7% 807,759 275,220 0.2%  8 13
80,581,927 1,592,310 535,759 2.0% 0.7% 1,595,180 538,318 0.2%  8 14
160,372,028 3,167,222 2,115,569 2.0% 1.3% 3,170,096 2,118,276 0.5%  8 15
319,952,129 6,317,045 4,220,913 2.0% 1.3% 6,319,901 4,223,611 0.5%  8 16
639,112,477 12,616,693 8,431,601 2.0% 1.3% 12,619,555 8,434,302 0.5%  8 17
1,277,433,097 25,215,989 16,852,977 2.0% 1.3% 25,218,854 16,855,680 0.5%  8 18
815,809 16,913 9,644 2.1% 1.2% 19,753 12,190 0.4%  9 1
835,221 17,085 9,773 2.0% 1.2% 19,914 12,314 0.4%  9 2
874,167 17,749 10,028 2.0% 1.1% 20,586 12,572 0.4%  9 3
952,066 19,032 10,541 2.0% 1.1% 21,905 13,086 0.4%  9 4
1,107,741 21,086 11,506 1.9% 1.0% 23,951 14,059 0.3%  9 5
1,419,221 25,186 13,621 1.8% 1.0% 28,050 16,174 0.3%  9 6
2,042,207 33,391 17,725 1.6% 0.9% 36,253 20,278 0.3%  9 7
3,288,238 49,807 25,933 1.5% 0.8% 52,671 28,488 0.3%  9 8
5,780,150 82,640 42,349 1.4% 0.7% 85,502 44,903 0.3%  9 9
10,763,988 148,306 75,181 1.4% 0.7% 151,182 77,736 0.3%  9 10
20,731,737 288,673 140,845 1.4% 0.7% 291,555 143,404 0.3%  9 11
40,667,167 804,888 272,173 2.0% 0.7% 807,767 274,735 0.2%  9 12
80,537,708 1,591,834 534,829 2.0% 0.7% 1,594,733 537,394 0.2%  9 13
160,278,567 3,165,721 2,111,474 2.0% 1.3% 3,168,592 2,114,181 0.5%  9 14
319,760,395 6,313,497 4,212,785 2.0% 1.3% 6,316,359 4,215,488 0.5%  9 15
638,724,127 12,609,048 8,415,281 2.0% 1.3% 12,611,910 8,417,982 0.5%  9 16
1,276,651,559 25,200,152 16,820,273 2.0% 1.3% 25,203,014 16,822,976 0.5%  9 17
2,552,507,181 50,382,361 33,630,258 2.0% 1.3% 50,385,229 33,632,961 0.5%  9 18
844,981 17,180 9,836 2.0% 1.2% 20,030 12,377 0.4%  10 1
883,919 18,005 10,093 2.0% 1.1% 20,863 12,637 0.4%  10 2
961,867 19,157 10,604 2.0% 1.1% 22,053 13,152 0.4%  10 3
1,117,406 21,212 11,568 1.9% 1.0% 24,097 14,122 0.3%  10 4
1,428,798 25,312 13,681 1.8% 1.0% 28,194 16,235 0.3%  10 5
2,051,592 33,507 17,781 1.6% 0.9% 36,393 20,335 0.3%  10 6
3,297,150 49,905 25,981 1.5% 0.8% 52,787 28,533 0.3%  10 7
5,788,386 82,705 42,381 1.4% 0.7% 85,589 44,936 0.3%  10 8
10,770,658 148,306 75,181 1.4% 0.7% 151,190 77,736 0.3%  10 9
20,735,350 279,505 140,780 1.3% 0.7% 282,395 143,339 0.3%  10 10
40,664,650 560,002 271,980 1.4% 0.7% 562,886 274,542 0.2%  10 11
80,522,831 1,592,409 534,380 2.0% 0.7% 1,595,293 536,942 0.2%  10 12
160,239,277 3,165,787 2,109,613 2.0% 1.3% 3,168,693 2,112,330 0.5%  10 13
319,671,857 6,312,538 4,208,752 2.0% 1.3% 6,315,408 4,211,455 0.5%  10 14
638,537,272 12,606,042 8,407,215 2.0% 1.3% 12,608,910 8,409,917 0.5%  10 15
1,276,268,088 25,193,049 16,804,015 2.0% 1.3% 25,195,921 16,806,718 0.5%  10 16
2,551,730,502 50,367,066 33,597,616 2.0% 1.3% 50,369,938 33,600,319 0.5%  10 17
5,102,653,807 100,715,098 67,184,816 2.0% 1.3% 100,717,972 67,187,518 0.5%  10 18
903,485 18,332 10,220 2.0% 1.1% 21,227 12,767 0.4%  11 1
981,300 19,413 10,733 2.0% 1.1% 22,316 13,283 0.4%  11 2
1,136,811 21,463 11,695 1.9% 1.0% 24,356 14,251 0.3%  11 3
1,448,177 25,564 13,807 1.8% 1.0% 28,457 16,361 0.3%  11 4
2,070,857 33,759 17,905 1.6% 0.9% 36,649 20,459 0.3%  11 5
3,316,225 50,147 26,101 1.5% 0.8% 53,039 28,653 0.3%  11 6
5,807,000 82,929 42,493 1.4% 0.7% 85,813 45,045 0.3%  11 7
10,788,587 148,497 75,277 1.4% 0.7% 151,385 77,832 0.3%  11 8
20,751,690 279,634 140,845 1.3% 0.7% 282,530 143,404 0.3%  11 9
40,677,961 541,907 271,980 1.3% 0.7% 544,796 274,542 0.2%  11 10
80,529,986 1,102,658 534,252 1.4% 0.7% 1,105,547 536,814 0.2%  11 11
160,234,198 3,167,454 2,108,848 2.0% 1.3% 3,170,372 2,111,579 0.5%  11 12
319,642,240 6,313,691 4,207,021 2.0% 1.3% 6,316,595 4,209,734 0.5%  11 13
638,458,443 12,606,170 8,403,312 2.0% 1.3% 12,609,048 8,406,014 0.5%  11 14
1,276,090,948 25,191,130 16,796,079 2.0% 1.3% 25,194,003 16,798,777 0.5%  11 15
2,551,356,743 50,361,050 33,581,488 2.0% 1.3% 50,363,933 33,584,191 0.5%  11 16
5,101,886,825 100,700,890 67,152,304 2.0% 1.3% 100,703,771 67,155,006 0.5%  11 17
10,202,946,867 201,380,570 134,293,936 2.0% 1.3% 201,383,450 134,296,639 0.5%  11 18
1,020,202 19,930 10,988 2.0% 1.1% 22,836 13,538 0.4%  12 1
1,175,695 21,979 11,950 1.9% 1.0% 24,862 14,503 0.3%  12 2
1,487,013 26,079 14,062 1.8% 0.9% 28,971 16,618 0.3%  12 3
2,109,670 34,275 18,159 1.6% 0.9% 37,158 20,710 0.3%  12 4
3,354,938 50,663 26,353 1.5% 0.8% 53,546 28,902 0.3%  12 5
5,845,524 83,435 42,741 1.4% 0.7% 86,325 45,293 0.3%  12 6
10,826,642 148,985 75,517 1.4% 0.7% 151,868 78,069 0.3%  12 7
20,789,075 280,089 141,069 1.3% 0.7% 282,985 143,628 0.3%  12 8
40,713,747 542,298 272,173 1.3% 0.7% 545,187 274,735 0.2%  12 9
80,562,774 1,066,715 534,380 1.3% 0.7% 1,069,607 536,942 0.2%  12 10
160,260,833 2,187,983 2,108,848 1.4% 1.3% 2,190,910 2,111,585 0.5%  12 11
319,656,568 6,317,537 4,206,509 2.0% 1.3% 6,320,435 4,209,217 0.5%  12 12
638,448,262 12,609,505 8,401,837 2.0% 1.3% 12,612,406 8,404,549 0.5%  12 13
1,276,031,581 25,193,441 16,792,432 2.0% 1.3% 25,196,320 16,795,135 0.5%  12 14
2,551,199,046 50,361,314 33,573,808 2.0% 1.3% 50,364,193 33,576,511 0.5%  12 15
5,101,532,514 100,697,057 67,136,432 2.0% 1.3% 100,699,938 67,139,134 0.5%  12 16
10,202,199,394 201,368,545 134,261,680 2.0% 1.3% 201,371,427 134,264,383 0.5%  12 17
1,253,681 23,010 12,524 1.8% 1.0% 25,926 15,074 0.3%  13 1
1,564,899 27,101 14,573 1.7% 0.9% 30,016 17,132 0.3%  13 2
2,187,514 35,296 18,670 1.6% 0.9% 38,210 21,229 0.3%  13 3
3,432,750 51,685 26,863 1.5% 0.8% 54,596 29,418 0.3%  13 4
5,923,215 84,457 43,249 1.4% 0.7% 87,360 45,801 0.3%  13 5
10,904,155 149,997 76,021 1.4% 0.7% 152,909 78,576 0.3%  13 6
20,866,126 281,083 141,565 1.3% 0.7% 283,994 144,124 0.3%  13 7
40,790,134 543,259 272,653 1.3% 0.7% 546,172 275,218 0.2%  13 8
80,637,544 1,067,612 534,829 1.3% 0.7% 1,070,524 537,394 0.2%  13 9
160,332,461 2,116,317 2,109,614 1.3% 1.3% 2,119,227 2,112,331 0.5%  13 10
319,722,126 4,358,604 4,207,021 1.4% 1.3% 4,361,511 4,209,734 0.5%  13 11
638,501,535 12,617,697 8,401,837 2.0% 1.3% 12,620,602 8,404,549 0.5%  13 12
1,276,060,301 25,201,121 16,791,469 2.0% 1.3% 25,204,027 16,794,182 0.5%  13 13
2,551,178,765 50,367,977 33,570,737 2.0% 1.3% 50,370,903 33,573,463 0.5%  13 14
5,101,413,793 100,701,668 67,129,264 2.0% 1.3% 100,704,573 67,131,974 0.5%  13 15
10,201,884,034 201,369,059 134,246,320 2.0% 1.3% 201,371,960 134,249,030 0.5%  13 16
761,195 16,120 9,323 2.1% 1.2% 18,294 11,401 0.4%  13 18
1,720,471 29,151 15,535 1.7% 0.9% 32,042 18,090 0.3%  14 1
2,343,088 37,340 19,630 1.6% 0.8% 40,232 22,185 0.3%  14 2
3,588,278 53,726 27,824 1.5% 0.8% 56,616 30,377 0.3%  14 3
6,078,726 86,496 44,209 1.4% 0.7% 89,384 46,760 0.3%  14 4
11,059,554 152,038 76,979 1.4% 0.7% 154,926 79,530 0.3%  14 5
21,021,331 283,113 142,519 1.3% 0.7% 286,005 145,074 0.3%  14 6
40,944,833 545,272 273,599 1.3% 0.7% 548,151 276,154 0.2%  14 7
80,791,596 1,069,591 535,759 1.3% 0.7% 1,072,475 538,318 0.2%  14 8
160,484,918 2,118,234 2,111,475 1.3% 1.3% 2,121,122 2,114,182 0.5%  14 9
319,871,543 4,215,515 4,208,753 1.3% 1.3% 4,218,392 4,211,456 0.5%  14 10
638,644,804 8,618,958 8,403,312 1.3% 1.3% 8,621,834 8,406,014 0.5%  14 11
1,276,191,335 25,201,632 16,792,432 2.0% 1.3% 25,204,514 16,795,135 0.5%  14 12
2,551,285,120 50,367,971 33,570,673 2.0% 1.3% 50,370,872 33,573,383 0.5%  14 13
5,101,471,111 100,717,024 67,127,153 2.0% 1.3% 100,719,904 67,129,854 0.5%  14 14
10,201,842,995 201,382,368 134,240,113 2.0% 1.3% 201,385,241 134,242,810 0.5%  14 15
761,199 16,120 9,323 2.1% 1.2% 18,294 11,401 0.4%  14 17
2,521,379 52,584 44,958 2.1% 1.8% 54,612 46,913 0.6%  14 18
2,654,342 41,439 21,742 1.6% 0.8% 44,328 24,297 0.3%  15 1
3,899,557 57,820 29,933 1.5% 0.8% 60,711 32,486 0.3%  15 2
6,389,967 90,590 46,319 1.4% 0.7% 93,479 48,872 0.3%  15 3
11,370,768 156,128 79,088 1.4% 0.7% 159,017 81,639 0.3%  15 4
21,332,439 287,206 144,626 1.3% 0.7% 290,097 147,181 0.3%  15 5
41,255,777 549,353 275,702 1.3% 0.7% 552,242 278,260 0.2%  15 6
81,102,050 1,073,656 537,873 1.3% 0.7% 1,076,543 540,431 0.2%  15 7
160,794,683 2,122,263 2,115,570 1.3% 1.3% 2,125,151 2,118,277 0.5%  15 8
320,179,750 4,219,482 4,212,786 1.3% 1.3% 4,222,362 4,215,489 0.5%  15 9
638,949,970 8,413,915 8,407,216 1.3% 1.3% 8,416,794 8,409,918 0.5%  15 10
1,276,490,339 17,220,558 16,796,079 1.3% 1.3% 17,223,440 16,798,782 0.5%  15 11
2,551,571,799 50,385,889 33,573,808 2.0% 1.3% 50,388,769 33,576,511 0.5%  15 12
5,101,733,289 100,718,051 67,129,264 2.0% 1.3% 100,720,954 67,131,973 0.5%  15 13
10,202,055,997 201,415,136 134,240,113 2.0% 1.3% 201,418,009 134,242,810 0.5%  15 14
761,195 16,120 9,323 2.1% 1.2% 18,294 11,401 0.4%  15 16
1,833,251 38,248 30,685 2.1% 1.7% 40,276 32,640 0.6%  15 17
2,619,683 54,632 47,069 2.1% 1.8% 56,660 49,024 0.7%  15 18
4,522,139 66,014 34,030 1.5% 0.8% 68,902 36,583 0.3%  16 1
7,012,529 98,779 50,413 1.4% 0.7% 101,664 52,965 0.3%  16 2
11,993,299 164,317 83,183 1.4% 0.7% 167,203 85,735 0.3%  16 3
21,954,930 295,391 148,720 1.3% 0.7% 298,282 151,274 0.3%  16 4
41,878,183 557,541 279,794 1.3% 0.7% 560,428 282,351 0.2%  16 5
81,724,248 1,081,832 541,967 1.3% 0.7% 1,084,718 544,525 0.2%  16 6
161,416,448 2,130,423 2,123,732 1.3% 1.3% 2,133,304 2,126,438 0.5%  16 7
320,800,778 4,227,606 4,220,914 1.3% 1.3% 4,230,474 4,223,612 0.5%  16 8
639,569,447 8,421,977 8,415,282 1.3% 1.3% 8,424,852 8,417,983 0.5%  16 9
1,277,106,757 16,810,714 16,804,016 1.3% 1.3% 16,813,593 16,806,719 0.5%  16 10
2,552,182,080 34,423,758 33,581,488 1.3% 1.3% 34,426,630 33,584,186 0.5%  16 11
5,102,331,195 100,754,400 67,136,432 2.0% 1.3% 100,757,272 67,139,130 0.5%  16 12
10,202,629,516 201,418,210 134,246,320 2.0% 1.3% 201,421,109 134,249,030 0.5%  16 13
761,195 16,120 9,323 2.1% 1.2% 18,294 11,401 0.4%  16 15
1,636,639 34,151 26,589 2.1% 1.6% 36,179 28,544 0.6%  16 16
2,029,859 42,343 34,781 2.1% 1.7% 44,371 36,736 0.6%  16 17
2,816,291 58,727 51,165 2.1% 1.8% 60,755 53,120 0.7%  16 18
8,257,712 115,166 58,606 1.4% 0.7% 118,052 61,158 0.3%  17 1
13,238,447 180,699 91,373 1.4% 0.7% 183,576 93,922 0.3%  17 2
23,200,066 311,773 156,911 1.3% 0.7% 314,664 159,467 0.3%  17 3
43,123,260 573,919 287,984 1.3% 0.7% 576,796 290,538 0.2%  17 4
82,969,257 1,098,213 550,168 1.3% 0.7% 1,101,097 552,726 0.2%  17 5
162,661,240 2,146,792 2,140,099 1.3% 1.3% 2,149,677 2,142,806 0.5%  17 6
322,045,149 4,243,959 4,237,268 1.3% 1.3% 4,246,833 4,239,971 0.5%  17 7
640,813,080 8,438,294 8,431,602 1.3% 1.3% 8,441,160 8,434,298 0.5%  17 8
1,278,348,842 16,826,969 16,820,274 1.3% 1.3% 16,829,846 16,822,977 0.5%  17 9
2,553,421,141 33,604,315 33,597,617 1.3% 1.3% 33,607,193 33,600,320 0.5%  17 10
5,103,564,147 68,830,158 67,152,304 1.3% 1.3% 68,833,037 67,155,006 0.5%  17 11
10,203,850,063 201,491,424 134,261,680 2.0% 1.3% 201,494,302 134,264,383 0.5%  17 12
761,199 16,120 9,323 2.1% 1.2% 18,294 11,401 0.4%  17 14
1,833,251 38,248 30,685 2.1% 1.7% 40,276 32,640 0.6%  17 15
2,029,859 42,343 34,781 2.1% 1.7% 44,371 36,736 0.6%  17 16
2,423,079 50,535 42,973 2.1% 1.8% 52,563 44,928 0.6%  17 17
3,209,511 66,919 59,357 2.1% 1.8% 68,947 61,312 0.7%  17 18
15,728,813 213,470 107,758 1.4% 0.7% 216,355 110,312 0.3%  18 1
25,690,605 344,539 173,293 1.3% 0.7% 347,427 175,853 0.3%  18 2
45,613,555 606,685 304,367 1.3% 0.7% 609,571 306,926 0.3%  18 3
85,459,518 1,130,975 566,559 1.3% 0.7% 1,133,863 569,122 0.2%  18 4
165,151,424 2,179,557 2,172,860 1.3% 1.3% 2,182,441 2,175,565 0.5%  18 5
324,535,115 4,276,712 4,270,019 1.3% 1.3% 4,279,591 4,272,721 0.5%  18 6
643,302,584 8,471,031 8,464,340 1.3% 1.3% 8,473,903 8,467,041 0.5%  18 7
1,280,837,647 16,859,670 16,852,978 1.3% 1.3% 16,862,545 16,855,681 0.5%  18 8
2,555,908,387 33,636,954 33,630,259 1.3% 1.3% 33,639,835 33,632,962 0.5%  18 9
5,106,048,358 67,191,515 67,184,817 1.3% 1.3% 67,194,393 67,187,519 0.5%  18 10
10,206,328,112 137,642,958 134,293,936 1.3% 1.3% 137,645,836 134,296,639 0.5%  18 11
761,195 16,120 9,323 2.1% 1.2% 18,294 11,401 0.4%  18 13
2,521,379 52,584 44,958 2.1% 1.8% 54,612 46,913 0.6%  18 14
2,619,683 54,632 47,069 2.1% 1.8% 56,660 49,024 0.7%  18 15
2,816,291 58,727 51,165 2.1% 1.8% 60,755 53,120 0.7%  18 16
3,209,511 66,919 59,357 2.1% 1.8% 68,947 61,312 0.7%  18 17
3,995,943 83,303 75,741 2.1% 1.9% 85,331 77,696 0.7%  18 18
